{"C:\\Users\\loq\\meal-planner\\backend\\src\\index.js": {"path":"C:\\Users\\loq\\meal-planner\\backend\\src\\index.js","statementMap":{"0":{"start":{"line":1,"column":18},"end":{"line":1,"column":44}},"1":{"start":{"line":2,"column":15},"end":{"line":2,"column":34}},"2":{"start":{"line":3,"column":16},"end":{"line":3,"column":34}},"3":{"start":{"line":4,"column":13},"end":{"line":4,"column":28}},"4":{"start":{"line":5,"column":0},"end":{"line":5,"column":27}},"5":{"start":{"line":7,"column":12},"end":{"line":7,"column":21}},"6":{"start":{"line":8,"column":0},"end":{"line":8,"column":12}},"7":{"start":{"line":9,"column":0},"end":{"line":9,"column":16}},"8":{"start":{"line":10,"column":0},"end":{"line":10,"column":41}},"9":{"start":{"line":11,"column":0},"end":{"line":16,"column":3}},"10":{"start":{"line":12,"column":2},"end":{"line":14,"column":3}},"11":{"start":{"line":13,"column":4},"end":{"line":13,"column":106}},"12":{"start":{"line":15,"column":2},"end":{"line":15,"column":19}},"13":{"start":{"line":17,"column":0},"end":{"line":17,"column":23}},"14":{"start":{"line":19,"column":0},"end":{"line":19,"column":89}},"15":{"start":{"line":19,"column":27},"end":{"line":19,"column":87}},"16":{"start":{"line":21,"column":13},"end":{"line":21,"column":37}},"17":{"start":{"line":22,"column":0},"end":{"line":24,"column":1}},"18":{"start":{"line":23,"column":2},"end":{"line":23,"column":72}},"19":{"start":{"line":23,"column":25},"end":{"line":23,"column":70}},"20":{"start":{"line":26,"column":0},"end":{"line":26,"column":21}}},"fnMap":{"0":{"name":"(anonymous_0)","decl":{"start":{"line":11,"column":8},"end":{"line":11,"column":9}},"loc":{"start":{"line":11,"column":33},"end":{"line":16,"column":1}},"line":11},"1":{"name":"(anonymous_1)","decl":{"start":{"line":19,"column":13},"end":{"line":19,"column":14}},"loc":{"start":{"line":19,"column":27},"end":{"line":19,"column":87}},"line":19},"2":{"name":"(anonymous_2)","decl":{"start":{"line":23,"column":19},"end":{"line":23,"column":20}},"loc":{"start":{"line":23,"column":25},"end":{"line":23,"column":70}},"line":23}},"branchMap":{"0":{"loc":{"start":{"line":12,"column":2},"end":{"line":14,"column":3}},"type":"if","locations":[{"start":{"line":12,"column":2},"end":{"line":14,"column":3}},{"start":{},"end":{}}],"line":12},"1":{"loc":{"start":{"line":12,"column":6},"end":{"line":12,"column":59}},"type":"binary-expr","locations":[{"start":{"line":12,"column":6},"end":{"line":12,"column":37}},{"start":{"line":12,"column":41},"end":{"line":12,"column":59}}],"line":12},"2":{"loc":{"start":{"line":21,"column":13},"end":{"line":21,"column":37}},"type":"binary-expr","locations":[{"start":{"line":21,"column":13},"end":{"line":21,"column":29}},{"start":{"line":21,"column":33},"end":{"line":21,"column":37}}],"line":21},"3":{"loc":{"start":{"line":22,"column":0},"end":{"line":24,"column":1}},"type":"if","locations":[{"start":{"line":22,"column":0},"end":{"line":24,"column":1}},{"start":{},"end":{}}],"line":22}},"s":{"0":1,"1":1,"2":1,"3":1,"4":1,"5":1,"6":1,"7":1,"8":1,"9":1,"10":1,"11":1,"12":0,"13":1,"14":1,"15":0,"16":1,"17":1,"18":0,"19":0,"20":1},"f":{"0":1,"1":0,"2":0},"b":{"0":[1,0],"1":[1,0],"2":[1,0],"3":[0,1]},"_coverageSchema":"1a1c01bbd47fc00a2c39e90264f33305004495a9","hash":"fb2593bbe85666eb328393017ca1155bfe6b3adb"}
,"C:\\Users\\loq\\meal-planner\\backend\\src\\models\\Meal.js": {"path":"C:\\Users\\loq\\meal-planner\\backend\\src\\models\\Meal.js","statementMap":{"0":{"start":{"line":1,"column":17},"end":{"line":1,"column":36}},"1":{"start":{"line":2,"column":19},"end":{"line":19,"column":23}},"2":{"start":{"line":21,"column":0},"end":{"line":21,"column":53}}},"fnMap":{},"branchMap":{},"s":{"0":1,"1":1,"2":1},"f":{},"b":{},"_coverageSchema":"1a1c01bbd47fc00a2c39e90264f33305004495a9","hash":"e1d233fb5db188b4f0cd01f86187ce34791afa6f"}
,"C:\\Users\\loq\\meal-planner\\backend\\src\\models\\MealPlan.js": {"path":"C:\\Users\\loq\\meal-planner\\backend\\src\\models\\MealPlan.js","statementMap":{"0":{"start":{"line":1,"column":17},"end":{"line":1,"column":36}},"1":{"start":{"line":3,"column":23},"end":{"line":50,"column":24}},"2":{"start":{"line":52,"column":0},"end":{"line":52,"column":66}},"3":{"start":{"line":54,"column":0},"end":{"line":54,"column":60}}},"fnMap":{},"branchMap":{},"s":{"0":1,"1":1,"2":1,"3":1},"f":{},"b":{},"_coverageSchema":"1a1c01bbd47fc00a2c39e90264f33305004495a9","hash":"253a74a8e938497f1667b80c964863e66421068f"}
,"C:\\Users\\loq\\meal-planner\\backend\\src\\models\\Recipe.js": {"path":"C:\\Users\\loq\\meal-planner\\backend\\src\\models\\Recipe.js","statementMap":{"0":{"start":{"line":1,"column":17},"end":{"line":1,"column":36}},"1":{"start":{"line":3,"column":21},"end":{"line":60,"column":24}},"2":{"start":{"line":62,"column":0},"end":{"line":62,"column":56}}},"fnMap":{},"branchMap":{},"s":{"0":1,"1":1,"2":1},"f":{},"b":{},"_coverageSchema":"1a1c01bbd47fc00a2c39e90264f33305004495a9","hash":"39c2cb6fc0f5ef1edabae582c4b074b4cfa3e4d4"}
,"C:\\Users\\loq\\meal-planner\\backend\\src\\models\\User.js": {"path":"C:\\Users\\loq\\meal-planner\\backend\\src\\models\\User.js","statementMap":{"0":{"start":{"line":1,"column":17},"end":{"line":1,"column":36}},"1":{"start":{"line":3,"column":19},"end":{"line":33,"column":2}},"2":{"start":{"line":35,"column":0},"end":{"line":35,"column":52}}},"fnMap":{},"branchMap":{},"s":{"0":1,"1":1,"2":1},"f":{},"b":{},"_coverageSchema":"1a1c01bbd47fc00a2c39e90264f33305004495a9","hash":"1f7d9d053bd050dab3f10a2ab43855a2da05fac8"}
,"C:\\Users\\loq\\meal-planner\\backend\\src\\routes\\User.js": {"path":"C:\\Users\\loq\\meal-planner\\backend\\src\\routes\\User.js","statementMap":{"0":{"start":{"line":1,"column":16},"end":{"line":1,"column":34}},"1":{"start":{"line":2,"column":15},"end":{"line":2,"column":31}},"2":{"start":{"line":3,"column":23},"end":{"line":3,"column":52}},"3":{"start":{"line":4,"column":13},"end":{"line":4,"column":38}},"4":{"start":{"line":5,"column":15},"end":{"line":5,"column":42}},"5":{"start":{"line":6,"column":17},"end":{"line":6,"column":46}},"6":{"start":{"line":9,"column":0},"end":{"line":66,"column":3}},"7":{"start":{"line":10,"column":2},"end":{"line":65,"column":3}},"8":{"start":{"line":11,"column":17},"end":{"line":11,"column":69}},"9":{"start":{"line":12,"column":4},"end":{"line":12,"column":74}},"10":{"start":{"line":12,"column":15},"end":{"line":12,"column":74}},"11":{"start":{"line":15,"column":27},"end":{"line":15,"column":77}},"12":{"start":{"line":18,"column":18},"end":{"line":18,"column":84}},"13":{"start":{"line":19,"column":23},"end":{"line":19,"column":24}},"14":{"start":{"line":20,"column":17},"end":{"line":20,"column":89}},"15":{"start":{"line":21,"column":18},"end":{"line":21,"column":48}},"16":{"start":{"line":22,"column":24},"end":{"line":22,"column":26}},"17":{"start":{"line":23,"column":4},"end":{"line":40,"column":7}},"18":{"start":{"line":24,"column":26},"end":{"line":24,"column":27}},"19":{"start":{"line":25,"column":6},"end":{"line":36,"column":7}},"20":{"start":{"line":26,"column":8},"end":{"line":35,"column":11}},"21":{"start":{"line":27,"column":10},"end":{"line":34,"column":11}},"22":{"start":{"line":28,"column":12},"end":{"line":33,"column":15}},"23":{"start":{"line":29,"column":14},"end":{"line":32,"column":15}},"24":{"start":{"line":30,"column":16},"end":{"line":30,"column":31}},"25":{"start":{"line":31,"column":16},"end":{"line":31,"column":32}},"26":{"start":{"line":37,"column":6},"end":{"line":39,"column":7}},"27":{"start":{"line":38,"column":8},"end":{"line":38,"column":31}},"28":{"start":{"line":43,"column":25},"end":{"line":43,"column":85}},"29":{"start":{"line":45,"column":4},"end":{"line":62,"column":7}},"30":{"start":{"line":64,"column":4},"end":{"line":64,"column":51}},"31":{"start":{"line":69,"column":0},"end":{"line":97,"column":3}},"32":{"start":{"line":70,"column":2},"end":{"line":96,"column":3}},"33":{"start":{"line":71,"column":57},"end":{"line":71,"column":65}},"34":{"start":{"line":72,"column":17},"end":{"line":72,"column":49}},"35":{"start":{"line":73,"column":4},"end":{"line":73,"column":74}},"36":{"start":{"line":73,"column":15},"end":{"line":73,"column":74}},"37":{"start":{"line":75,"column":4},"end":{"line":75,"column":31}},"38":{"start":{"line":75,"column":14},"end":{"line":75,"column":31}},"39":{"start":{"line":76,"column":4},"end":{"line":76,"column":34}},"40":{"start":{"line":76,"column":15},"end":{"line":76,"column":34}},"41":{"start":{"line":77,"column":4},"end":{"line":77,"column":69}},"42":{"start":{"line":77,"column":36},"end":{"line":77,"column":69}},"43":{"start":{"line":78,"column":4},"end":{"line":78,"column":72}},"44":{"start":{"line":78,"column":37},"end":{"line":78,"column":72}},"45":{"start":{"line":80,"column":4},"end":{"line":80,"column":22}},"46":{"start":{"line":83,"column":4},"end":{"line":93,"column":7}},"47":{"start":{"line":95,"column":4},"end":{"line":95,"column":51}},"48":{"start":{"line":100,"column":0},"end":{"line":115,"column":3}},"49":{"start":{"line":101,"column":2},"end":{"line":114,"column":3}},"50":{"start":{"line":102,"column":23},"end":{"line":102,"column":31}},"51":{"start":{"line":103,"column":4},"end":{"line":103,"column":85}},"52":{"start":{"line":103,"column":17},"end":{"line":103,"column":85}},"53":{"start":{"line":105,"column":17},"end":{"line":105,"column":49}},"54":{"start":{"line":106,"column":4},"end":{"line":106,"column":74}},"55":{"start":{"line":106,"column":15},"end":{"line":106,"column":74}},"56":{"start":{"line":108,"column":4},"end":{"line":108,"column":25}},"57":{"start":{"line":109,"column":4},"end":{"line":109,"column":22}},"58":{"start":{"line":111,"column":4},"end":{"line":111,"column":65}},"59":{"start":{"line":113,"column":4},"end":{"line":113,"column":51}},"60":{"start":{"line":118,"column":0},"end":{"line":141,"column":3}},"61":{"start":{"line":119,"column":2},"end":{"line":140,"column":3}},"62":{"start":{"line":120,"column":17},"end":{"line":120,"column":49}},"63":{"start":{"line":121,"column":4},"end":{"line":121,"column":74}},"64":{"start":{"line":121,"column":15},"end":{"line":121,"column":74}},"65":{"start":{"line":123,"column":21},"end":{"line":123,"column":40}},"66":{"start":{"line":124,"column":19},"end":{"line":124,"column":50}},"67":{"start":{"line":125,"column":4},"end":{"line":125,"column":78}},"68":{"start":{"line":125,"column":17},"end":{"line":125,"column":78}},"69":{"start":{"line":127,"column":23},"end":{"line":127,"column":76}},"70":{"start":{"line":127,"column":49},"end":{"line":127,"column":75}},"71":{"start":{"line":129,"column":4},"end":{"line":137,"column":5}},"72":{"start":{"line":130,"column":6},"end":{"line":130,"column":79}},"73":{"start":{"line":130,"column":51},"end":{"line":130,"column":77}},"74":{"start":{"line":131,"column":6},"end":{"line":131,"column":24}},"75":{"start":{"line":132,"column":6},"end":{"line":132,"column":125}},"76":{"start":{"line":132,"column":88},"end":{"line":132,"column":101}},"77":{"start":{"line":134,"column":6},"end":{"line":134,"column":36}},"78":{"start":{"line":135,"column":6},"end":{"line":135,"column":24}},"79":{"start":{"line":136,"column":6},"end":{"line":136,"column":120}},"80":{"start":{"line":136,"column":84},"end":{"line":136,"column":97}},"81":{"start":{"line":139,"column":4},"end":{"line":139,"column":51}},"82":{"start":{"line":144,"column":0},"end":{"line":152,"column":3}},"83":{"start":{"line":145,"column":2},"end":{"line":151,"column":3}},"84":{"start":{"line":146,"column":17},"end":{"line":146,"column":71}},"85":{"start":{"line":147,"column":4},"end":{"line":147,"column":74}},"86":{"start":{"line":147,"column":15},"end":{"line":147,"column":74}},"87":{"start":{"line":148,"column":4},"end":{"line":148,"column":44}},"88":{"start":{"line":150,"column":4},"end":{"line":150,"column":51}},"89":{"start":{"line":155,"column":0},"end":{"line":170,"column":3}},"90":{"start":{"line":156,"column":2},"end":{"line":169,"column":3}},"91":{"start":{"line":157,"column":19},"end":{"line":157,"column":30}},"92":{"start":{"line":160,"column":4},"end":{"line":163,"column":7}},"93":{"start":{"line":164,"column":4},"end":{"line":164,"column":41}},"94":{"start":{"line":166,"column":4},"end":{"line":166,"column":58}},"95":{"start":{"line":168,"column":4},"end":{"line":168,"column":51}},"96":{"start":{"line":172,"column":0},"end":{"line":172,"column":24}}},"fnMap":{"0":{"name":"(anonymous_0)","decl":{"start":{"line":9,"column":39},"end":{"line":9,"column":40}},"loc":{"start":{"line":9,"column":59},"end":{"line":66,"column":1}},"line":9},"1":{"name":"(anonymous_1)","decl":{"start":{"line":23,"column":18},"end":{"line":23,"column":19}},"loc":{"start":{"line":23,"column":26},"end":{"line":40,"column":5}},"line":23},"2":{"name":"(anonymous_2)","decl":{"start":{"line":26,"column":21},"end":{"line":26,"column":22}},"loc":{"start":{"line":26,"column":28},"end":{"line":35,"column":9}},"line":26},"3":{"name":"(anonymous_3)","decl":{"start":{"line":28,"column":26},"end":{"line":28,"column":27}},"loc":{"start":{"line":28,"column":34},"end":{"line":33,"column":13}},"line":28},"4":{"name":"(anonymous_4)","decl":{"start":{"line":69,"column":39},"end":{"line":69,"column":40}},"loc":{"start":{"line":69,"column":59},"end":{"line":97,"column":1}},"line":69},"5":{"name":"(anonymous_5)","decl":{"start":{"line":100,"column":46},"end":{"line":100,"column":47}},"loc":{"start":{"line":100,"column":66},"end":{"line":115,"column":1}},"line":100},"6":{"name":"(anonymous_6)","decl":{"start":{"line":118,"column":52},"end":{"line":118,"column":53}},"loc":{"start":{"line":118,"column":72},"end":{"line":141,"column":1}},"line":118},"7":{"name":"(anonymous_7)","decl":{"start":{"line":127,"column":43},"end":{"line":127,"column":44}},"loc":{"start":{"line":127,"column":49},"end":{"line":127,"column":75}},"line":127},"8":{"name":"(anonymous_8)","decl":{"start":{"line":130,"column":45},"end":{"line":130,"column":46}},"loc":{"start":{"line":130,"column":51},"end":{"line":130,"column":77}},"line":130},"9":{"name":"(anonymous_9)","decl":{"start":{"line":132,"column":82},"end":{"line":132,"column":83}},"loc":{"start":{"line":132,"column":88},"end":{"line":132,"column":101}},"line":132},"10":{"name":"(anonymous_10)","decl":{"start":{"line":136,"column":78},"end":{"line":136,"column":79}},"loc":{"start":{"line":136,"column":84},"end":{"line":136,"column":97}},"line":136},"11":{"name":"(anonymous_11)","decl":{"start":{"line":144,"column":41},"end":{"line":144,"column":42}},"loc":{"start":{"line":144,"column":61},"end":{"line":152,"column":1}},"line":144},"12":{"name":"(anonymous_12)","decl":{"start":{"line":155,"column":42},"end":{"line":155,"column":43}},"loc":{"start":{"line":155,"column":62},"end":{"line":170,"column":1}},"line":155}},"branchMap":{"0":{"loc":{"start":{"line":12,"column":4},"end":{"line":12,"column":74}},"type":"if","locations":[{"start":{"line":12,"column":4},"end":{"line":12,"column":74}},{"start":{},"end":{}}],"line":12},"1":{"loc":{"start":{"line":25,"column":6},"end":{"line":36,"column":7}},"type":"if","locations":[{"start":{"line":25,"column":6},"end":{"line":36,"column":7}},{"start":{},"end":{}}],"line":25},"2":{"loc":{"start":{"line":27,"column":10},"end":{"line":34,"column":11}},"type":"if","locations":[{"start":{"line":27,"column":10},"end":{"line":34,"column":11}},{"start":{},"end":{}}],"line":27},"3":{"loc":{"start":{"line":29,"column":14},"end":{"line":32,"column":15}},"type":"if","locations":[{"start":{"line":29,"column":14},"end":{"line":32,"column":15}},{"start":{},"end":{}}],"line":29},"4":{"loc":{"start":{"line":37,"column":6},"end":{"line":39,"column":7}},"type":"if","locations":[{"start":{"line":37,"column":6},"end":{"line":39,"column":7}},{"start":{},"end":{}}],"line":37},"5":{"loc":{"start":{"line":53,"column":19},"end":{"line":53,"column":39}},"type":"binary-expr","locations":[{"start":{"line":53,"column":19},"end":{"line":53,"column":33}},{"start":{"line":53,"column":37},"end":{"line":53,"column":39}}],"line":53},"6":{"loc":{"start":{"line":54,"column":19},"end":{"line":54,"column":60}},"type":"binary-expr","locations":[{"start":{"line":54,"column":19},"end":{"line":54,"column":33}},{"start":{"line":54,"column":37},"end":{"line":54,"column":60}}],"line":54},"7":{"loc":{"start":{"line":73,"column":4},"end":{"line":73,"column":74}},"type":"if","locations":[{"start":{"line":73,"column":4},"end":{"line":73,"column":74}},{"start":{},"end":{}}],"line":73},"8":{"loc":{"start":{"line":75,"column":4},"end":{"line":75,"column":31}},"type":"if","locations":[{"start":{"line":75,"column":4},"end":{"line":75,"column":31}},{"start":{},"end":{}}],"line":75},"9":{"loc":{"start":{"line":76,"column":4},"end":{"line":76,"column":34}},"type":"if","locations":[{"start":{"line":76,"column":4},"end":{"line":76,"column":34}},{"start":{},"end":{}}],"line":76},"10":{"loc":{"start":{"line":77,"column":4},"end":{"line":77,"column":69}},"type":"if","locations":[{"start":{"line":77,"column":4},"end":{"line":77,"column":69}},{"start":{},"end":{}}],"line":77},"11":{"loc":{"start":{"line":78,"column":4},"end":{"line":78,"column":72}},"type":"if","locations":[{"start":{"line":78,"column":4},"end":{"line":78,"column":72}},{"start":{},"end":{}}],"line":78},"12":{"loc":{"start":{"line":103,"column":4},"end":{"line":103,"column":85}},"type":"if","locations":[{"start":{"line":103,"column":4},"end":{"line":103,"column":85}},{"start":{},"end":{}}],"line":103},"13":{"loc":{"start":{"line":106,"column":4},"end":{"line":106,"column":74}},"type":"if","locations":[{"start":{"line":106,"column":4},"end":{"line":106,"column":74}},{"start":{},"end":{}}],"line":106},"14":{"loc":{"start":{"line":121,"column":4},"end":{"line":121,"column":74}},"type":"if","locations":[{"start":{"line":121,"column":4},"end":{"line":121,"column":74}},{"start":{},"end":{}}],"line":121},"15":{"loc":{"start":{"line":125,"column":4},"end":{"line":125,"column":78}},"type":"if","locations":[{"start":{"line":125,"column":4},"end":{"line":125,"column":78}},{"start":{},"end":{}}],"line":125},"16":{"loc":{"start":{"line":129,"column":4},"end":{"line":137,"column":5}},"type":"if","locations":[{"start":{"line":129,"column":4},"end":{"line":137,"column":5}},{"start":{"line":133,"column":11},"end":{"line":137,"column":5}}],"line":129},"17":{"loc":{"start":{"line":147,"column":4},"end":{"line":147,"column":74}},"type":"if","locations":[{"start":{"line":147,"column":4},"end":{"line":147,"column":74}},{"start":{},"end":{}}],"line":147}},"s":{"0":1,"1":1,"2":1,"3":1,"4":1,"5":1,"6":1,"7":1,"8":1,"9":1,"10":0,"11":1,"12":1,"13":1,"14":1,"15":1,"16":1,"17":1,"18":0,"19":0,"20":0,"21":0,"22":0,"23":0,"24":0,"25":0,"26":0,"27":0,"28":1,"29":1,"30":0,"31":1,"32":1,"33":1,"34":1,"35":1,"36":0,"37":1,"38":1,"39":1,"40":0,"41":1,"42":0,"43":1,"44":0,"45":1,"46":1,"47":0,"48":1,"49":2,"50":2,"51":2,"52":1,"53":1,"54":1,"55":0,"56":1,"57":1,"58":1,"59":0,"60":1,"61":1,"62":1,"63":1,"64":0,"65":1,"66":1,"67":1,"68":0,"69":1,"70":0,"71":1,"72":0,"73":0,"74":0,"75":0,"76":0,"77":1,"78":1,"79":1,"80":1,"81":0,"82":1,"83":1,"84":1,"85":1,"86":0,"87":1,"88":0,"89":1,"90":1,"91":1,"92":1,"93":1,"94":1,"95":0,"96":1},"f":{"0":1,"1":0,"2":0,"3":0,"4":1,"5":2,"6":1,"7":0,"8":0,"9":0,"10":1,"11":1,"12":1},"b":{"0":[0,1],"1":[0,0],"2":[0,0],"3":[0,0],"4":[0,0],"5":[1,1],"6":[1,0],"7":[0,1],"8":[1,0],"9":[0,1],"10":[0,1],"11":[0,1],"12":[1,1],"13":[0,1],"14":[0,1],"15":[0,1],"16":[0,1],"17":[0,1]},"_coverageSchema":"1a1c01bbd47fc00a2c39e90264f33305004495a9","hash":"4ceb20006922b9c0bbfd56f75b53c16613c59bba"}
,"C:\\Users\\loq\\meal-planner\\backend\\src\\routes\\auth.js": {"path":"C:\\Users\\loq\\meal-planner\\backend\\src\\routes\\auth.js","statementMap":{"0":{"start":{"line":1,"column":16},"end":{"line":1,"column":34}},"1":{"start":{"line":2,"column":15},"end":{"line":2,"column":31}},"2":{"start":{"line":3,"column":13},"end":{"line":3,"column":38}},"3":{"start":{"line":4,"column":15},"end":{"line":4,"column":32}},"4":{"start":{"line":5,"column":12},"end":{"line":5,"column":35}},"5":{"start":{"line":7,"column":0},"end":{"line":20,"column":3}},"6":{"start":{"line":8,"column":2},"end":{"line":19,"column":3}},"7":{"start":{"line":9,"column":67},"end":{"line":9,"column":75}},"8":{"start":{"line":10,"column":21},"end":{"line":10,"column":50}},"9":{"start":{"line":11,"column":4},"end":{"line":11,"column":83}},"10":{"start":{"line":11,"column":18},"end":{"line":11,"column":83}},"11":{"start":{"line":12,"column":27},"end":{"line":12,"column":58}},"12":{"start":{"line":13,"column":17},"end":{"line":13,"column":97}},"13":{"start":{"line":14,"column":4},"end":{"line":14,"column":22}},"14":{"start":{"line":15,"column":18},"end":{"line":15,"column":89}},"15":{"start":{"line":16,"column":4},"end":{"line":16,"column":73}},"16":{"start":{"line":18,"column":4},"end":{"line":18,"column":51}},"17":{"start":{"line":22,"column":0},"end":{"line":34,"column":3}},"18":{"start":{"line":23,"column":2},"end":{"line":33,"column":3}},"19":{"start":{"line":24,"column":32},"end":{"line":24,"column":40}},"20":{"start":{"line":25,"column":17},"end":{"line":25,"column":46}},"21":{"start":{"line":26,"column":4},"end":{"line":26,"column":74}},"22":{"start":{"line":26,"column":15},"end":{"line":26,"column":74}},"23":{"start":{"line":27,"column":20},"end":{"line":27,"column":65}},"24":{"start":{"line":28,"column":4},"end":{"line":28,"column":77}},"25":{"start":{"line":28,"column":18},"end":{"line":28,"column":77}},"26":{"start":{"line":29,"column":18},"end":{"line":29,"column":89}},"27":{"start":{"line":30,"column":4},"end":{"line":30,"column":72}},"28":{"start":{"line":32,"column":4},"end":{"line":32,"column":51}},"29":{"start":{"line":36,"column":0},"end":{"line":36,"column":24}}},"fnMap":{"0":{"name":"(anonymous_0)","decl":{"start":{"line":7,"column":25},"end":{"line":7,"column":26}},"loc":{"start":{"line":7,"column":45},"end":{"line":20,"column":1}},"line":7},"1":{"name":"(anonymous_1)","decl":{"start":{"line":22,"column":22},"end":{"line":22,"column":23}},"loc":{"start":{"line":22,"column":42},"end":{"line":34,"column":1}},"line":22}},"branchMap":{"0":{"loc":{"start":{"line":11,"column":4},"end":{"line":11,"column":83}},"type":"if","locations":[{"start":{"line":11,"column":4},"end":{"line":11,"column":83}},{"start":{},"end":{}}],"line":11},"1":{"loc":{"start":{"line":26,"column":4},"end":{"line":26,"column":74}},"type":"if","locations":[{"start":{"line":26,"column":4},"end":{"line":26,"column":74}},{"start":{},"end":{}}],"line":26},"2":{"loc":{"start":{"line":28,"column":4},"end":{"line":28,"column":77}},"type":"if","locations":[{"start":{"line":28,"column":4},"end":{"line":28,"column":77}},{"start":{},"end":{}}],"line":28}},"s":{"0":1,"1":1,"2":1,"3":1,"4":1,"5":1,"6":1,"7":1,"8":1,"9":1,"10":0,"11":1,"12":1,"13":1,"14":1,"15":1,"16":0,"17":1,"18":1,"19":1,"20":1,"21":1,"22":0,"23":1,"24":1,"25":0,"26":1,"27":1,"28":0,"29":1},"f":{"0":1,"1":1},"b":{"0":[0,1],"1":[0,1],"2":[0,1]},"_coverageSchema":"1a1c01bbd47fc00a2c39e90264f33305004495a9","hash":"cf6d15b821876d5479f9f80572c3f19de630dc76"}
,"C:\\Users\\loq\\meal-planner\\backend\\src\\routes\\index.js": {"path":"C:\\Users\\loq\\meal-planner\\backend\\src\\routes\\index.js","statementMap":{"0":{"start":{"line":2,"column":16},"end":{"line":2,"column":34}},"1":{"start":{"line":3,"column":15},"end":{"line":3,"column":31}},"2":{"start":{"line":5,"column":19},"end":{"line":5,"column":36}},"3":{"start":{"line":6,"column":19},"end":{"line":6,"column":36}},"4":{"start":{"line":7,"column":19},"end":{"line":7,"column":36}},"5":{"start":{"line":8,"column":21},"end":{"line":8,"column":41}},"6":{"start":{"line":9,"column":23},"end":{"line":9,"column":44}},"7":{"start":{"line":12,"column":0},"end":{"line":12,"column":32}},"8":{"start":{"line":13,"column":0},"end":{"line":13,"column":32}},"9":{"start":{"line":14,"column":0},"end":{"line":14,"column":33}},"10":{"start":{"line":15,"column":0},"end":{"line":15,"column":36}},"11":{"start":{"line":16,"column":0},"end":{"line":16,"column":40}},"12":{"start":{"line":18,"column":0},"end":{"line":18,"column":24}}},"fnMap":{},"branchMap":{},"s":{"0":1,"1":1,"2":1,"3":1,"4":1,"5":1,"6":1,"7":1,"8":1,"9":1,"10":1,"11":1,"12":1},"f":{},"b":{},"_coverageSchema":"1a1c01bbd47fc00a2c39e90264f33305004495a9","hash":"15c35d5eef9f28bde6f1b26506b7aef7cb9118b9"}
,"C:\\Users\\loq\\meal-planner\\backend\\src\\routes\\meal.js": {"path":"C:\\Users\\loq\\meal-planner\\backend\\src\\routes\\meal.js","statementMap":{"0":{"start":{"line":1,"column":16},"end":{"line":1,"column":34}},"1":{"start":{"line":2,"column":15},"end":{"line":2,"column":31}},"2":{"start":{"line":3,"column":23},"end":{"line":3,"column":52}},"3":{"start":{"line":4,"column":13},"end":{"line":4,"column":38}},"4":{"start":{"line":7,"column":0},"end":{"line":22,"column":3}},"5":{"start":{"line":8,"column":2},"end":{"line":21,"column":3}},"6":{"start":{"line":9,"column":57},"end":{"line":9,"column":65}},"7":{"start":{"line":10,"column":17},"end":{"line":16,"column":6}},"8":{"start":{"line":17,"column":4},"end":{"line":17,"column":22}},"9":{"start":{"line":18,"column":4},"end":{"line":18,"column":60}},"10":{"start":{"line":20,"column":4},"end":{"line":20,"column":51}},"11":{"start":{"line":25,"column":0},"end":{"line":32,"column":3}},"12":{"start":{"line":26,"column":2},"end":{"line":31,"column":3}},"13":{"start":{"line":27,"column":18},"end":{"line":27,"column":56}},"14":{"start":{"line":28,"column":4},"end":{"line":28,"column":24}},"15":{"start":{"line":30,"column":4},"end":{"line":30,"column":51}},"16":{"start":{"line":36,"column":0},"end":{"line":43,"column":3}},"17":{"start":{"line":37,"column":2},"end":{"line":42,"column":3}},"18":{"start":{"line":38,"column":17},"end":{"line":38,"column":85}},"19":{"start":{"line":39,"column":4},"end":{"line":39,"column":48}},"20":{"start":{"line":41,"column":4},"end":{"line":41,"column":51}},"21":{"start":{"line":46,"column":0},"end":{"line":53,"column":3}},"22":{"start":{"line":47,"column":2},"end":{"line":52,"column":3}},"23":{"start":{"line":48,"column":4},"end":{"line":48,"column":48}},"24":{"start":{"line":49,"column":4},"end":{"line":49,"column":42}},"25":{"start":{"line":51,"column":4},"end":{"line":51,"column":51}},"26":{"start":{"line":56,"column":0},"end":{"line":56,"column":24}}},"fnMap":{"0":{"name":"(anonymous_0)","decl":{"start":{"line":7,"column":33},"end":{"line":7,"column":34}},"loc":{"start":{"line":7,"column":53},"end":{"line":22,"column":1}},"line":7},"1":{"name":"(anonymous_1)","decl":{"start":{"line":25,"column":32},"end":{"line":25,"column":33}},"loc":{"start":{"line":25,"column":52},"end":{"line":32,"column":1}},"line":25},"2":{"name":"(anonymous_2)","decl":{"start":{"line":36,"column":35},"end":{"line":36,"column":36}},"loc":{"start":{"line":36,"column":55},"end":{"line":43,"column":1}},"line":36},"3":{"name":"(anonymous_3)","decl":{"start":{"line":46,"column":38},"end":{"line":46,"column":39}},"loc":{"start":{"line":46,"column":58},"end":{"line":53,"column":1}},"line":46}},"branchMap":{},"s":{"0":1,"1":1,"2":1,"3":1,"4":1,"5":1,"6":1,"7":1,"8":1,"9":1,"10":0,"11":1,"12":1,"13":1,"14":1,"15":0,"16":1,"17":1,"18":1,"19":1,"20":0,"21":1,"22":1,"23":1,"24":1,"25":0,"26":1},"f":{"0":1,"1":1,"2":1,"3":1},"b":{},"_coverageSchema":"1a1c01bbd47fc00a2c39e90264f33305004495a9","hash":"3c5aa51c13a22a3af22fcf76ed2312d2e1487c68"}
,"C:\\Users\\loq\\meal-planner\\backend\\src\\routes\\mealPlan.js": {"path":"C:\\Users\\loq\\meal-planner\\backend\\src\\routes\\mealPlan.js","statementMap":{"0":{"start":{"line":1,"column":16},"end":{"line":1,"column":34}},"1":{"start":{"line":2,"column":15},"end":{"line":2,"column":31}},"2":{"start":{"line":3,"column":23},"end":{"line":3,"column":52}},"3":{"start":{"line":4,"column":17},"end":{"line":4,"column":46}},"4":{"start":{"line":6,"column":24},"end":{"line":12,"column":1}},"5":{"start":{"line":7,"column":19},"end":{"line":7,"column":65}},"6":{"start":{"line":8,"column":2},"end":{"line":11,"column":4}},"7":{"start":{"line":15,"column":22},"end":{"line":18,"column":1}},"8":{"start":{"line":16,"column":15},"end":{"line":16,"column":26}},"9":{"start":{"line":17,"column":2},"end":{"line":17,"column":90}},"10":{"start":{"line":21,"column":0},"end":{"line":40,"column":3}},"11":{"start":{"line":22,"column":2},"end":{"line":39,"column":3}},"12":{"start":{"line":23,"column":22},"end":{"line":23,"column":55}},"13":{"start":{"line":24,"column":4},"end":{"line":24,"column":95}},"14":{"start":{"line":24,"column":26},"end":{"line":24,"column":95}},"15":{"start":{"line":26,"column":17},"end":{"line":35,"column":6}},"16":{"start":{"line":36,"column":4},"end":{"line":36,"column":65}},"17":{"start":{"line":38,"column":4},"end":{"line":38,"column":51}},"18":{"start":{"line":43,"column":0},"end":{"line":60,"column":3}},"19":{"start":{"line":44,"column":2},"end":{"line":59,"column":3}},"20":{"start":{"line":45,"column":22},"end":{"line":45,"column":56}},"21":{"start":{"line":46,"column":4},"end":{"line":46,"column":95}},"22":{"start":{"line":46,"column":26},"end":{"line":46,"column":95}},"23":{"start":{"line":48,"column":17},"end":{"line":55,"column":77}},"24":{"start":{"line":56,"column":4},"end":{"line":56,"column":23}},"25":{"start":{"line":58,"column":4},"end":{"line":58,"column":51}},"26":{"start":{"line":64,"column":0},"end":{"line":132,"column":3}},"27":{"start":{"line":65,"column":2},"end":{"line":131,"column":3}},"28":{"start":{"line":66,"column":22},"end":{"line":66,"column":56}},"29":{"start":{"line":67,"column":4},"end":{"line":67,"column":95}},"30":{"start":{"line":67,"column":26},"end":{"line":67,"column":95}},"31":{"start":{"line":69,"column":17},"end":{"line":76,"column":67}},"32":{"start":{"line":78,"column":4},"end":{"line":78,"column":92}},"33":{"start":{"line":78,"column":15},"end":{"line":78,"column":92}},"34":{"start":{"line":80,"column":17},"end":{"line":80,"column":89}},"35":{"start":{"line":81,"column":18},"end":{"line":81,"column":50}},"36":{"start":{"line":84,"column":22},"end":{"line":84,"column":31}},"37":{"start":{"line":85,"column":4},"end":{"line":92,"column":5}},"38":{"start":{"line":86,"column":6},"end":{"line":91,"column":7}},"39":{"start":{"line":87,"column":23},"end":{"line":87,"column":43}},"40":{"start":{"line":88,"column":8},"end":{"line":90,"column":9}},"41":{"start":{"line":89,"column":10},"end":{"line":89,"column":55}},"42":{"start":{"line":95,"column":26},"end":{"line":95,"column":35}},"43":{"start":{"line":96,"column":4},"end":{"line":111,"column":5}},"44":{"start":{"line":97,"column":6},"end":{"line":110,"column":7}},"45":{"start":{"line":98,"column":20},"end":{"line":98,"column":56}},"46":{"start":{"line":99,"column":8},"end":{"line":109,"column":9}},"47":{"start":{"line":101,"column":27},"end":{"line":101,"column":49}},"48":{"start":{"line":102,"column":10},"end":{"line":102,"column":84}},"49":{"start":{"line":104,"column":10},"end":{"line":108,"column":13}},"50":{"start":{"line":113,"column":24},"end":{"line":113,"column":58}},"51":{"start":{"line":116,"column":28},"end":{"line":120,"column":7}},"52":{"start":{"line":116,"column":69},"end":{"line":120,"column":5}},"53":{"start":{"line":122,"column":4},"end":{"line":127,"column":7}},"54":{"start":{"line":130,"column":4},"end":{"line":130,"column":51}},"55":{"start":{"line":135,"column":0},"end":{"line":165,"column":3}},"56":{"start":{"line":136,"column":2},"end":{"line":164,"column":3}},"57":{"start":{"line":137,"column":26},"end":{"line":137,"column":36}},"58":{"start":{"line":138,"column":36},"end":{"line":138,"column":44}},"59":{"start":{"line":140,"column":23},"end":{"line":140,"column":47}},"60":{"start":{"line":141,"column":4},"end":{"line":141,"column":96}},"61":{"start":{"line":141,"column":27},"end":{"line":141,"column":96}},"62":{"start":{"line":143,"column":22},"end":{"line":143,"column":39}},"63":{"start":{"line":144,"column":4},"end":{"line":144,"column":81}},"64":{"start":{"line":144,"column":25},"end":{"line":144,"column":81}},"65":{"start":{"line":145,"column":4},"end":{"line":145,"column":101}},"66":{"start":{"line":145,"column":44},"end":{"line":145,"column":101}},"67":{"start":{"line":147,"column":15},"end":{"line":147,"column":83}},"68":{"start":{"line":148,"column":4},"end":{"line":150,"column":5}},"69":{"start":{"line":149,"column":6},"end":{"line":149,"column":89}},"70":{"start":{"line":153,"column":4},"end":{"line":156,"column":5}},"71":{"start":{"line":154,"column":6},"end":{"line":154,"column":49}},"72":{"start":{"line":155,"column":6},"end":{"line":155,"column":89}},"73":{"start":{"line":158,"column":4},"end":{"line":158,"column":36}},"74":{"start":{"line":159,"column":4},"end":{"line":159,"column":45}},"75":{"start":{"line":160,"column":4},"end":{"line":160,"column":22}},"76":{"start":{"line":161,"column":4},"end":{"line":161,"column":66}},"77":{"start":{"line":163,"column":4},"end":{"line":163,"column":51}},"78":{"start":{"line":168,"column":0},"end":{"line":192,"column":3}},"79":{"start":{"line":169,"column":2},"end":{"line":191,"column":3}},"80":{"start":{"line":170,"column":26},"end":{"line":170,"column":36}},"81":{"start":{"line":171,"column":22},"end":{"line":171,"column":56}},"82":{"start":{"line":172,"column":4},"end":{"line":172,"column":95}},"83":{"start":{"line":172,"column":26},"end":{"line":172,"column":95}},"84":{"start":{"line":174,"column":17},"end":{"line":174,"column":73}},"85":{"start":{"line":175,"column":4},"end":{"line":175,"column":79}},"86":{"start":{"line":175,"column":15},"end":{"line":175,"column":79}},"87":{"start":{"line":178,"column":4},"end":{"line":181,"column":5}},"88":{"start":{"line":179,"column":6},"end":{"line":179,"column":49}},"89":{"start":{"line":180,"column":6},"end":{"line":180,"column":85}},"90":{"start":{"line":183,"column":4},"end":{"line":183,"column":81}},"91":{"start":{"line":183,"column":25},"end":{"line":183,"column":81}},"92":{"start":{"line":184,"column":4},"end":{"line":184,"column":101}},"93":{"start":{"line":184,"column":44},"end":{"line":184,"column":101}},"94":{"start":{"line":186,"column":4},"end":{"line":186,"column":32}},"95":{"start":{"line":187,"column":4},"end":{"line":187,"column":22}},"96":{"start":{"line":188,"column":4},"end":{"line":188,"column":58}},"97":{"start":{"line":190,"column":4},"end":{"line":190,"column":51}},"98":{"start":{"line":195,"column":0},"end":{"line":222,"column":3}},"99":{"start":{"line":196,"column":2},"end":{"line":221,"column":3}},"100":{"start":{"line":197,"column":32},"end":{"line":197,"column":40}},"101":{"start":{"line":198,"column":23},"end":{"line":198,"column":47}},"102":{"start":{"line":199,"column":4},"end":{"line":199,"column":96}},"103":{"start":{"line":199,"column":27},"end":{"line":199,"column":96}},"104":{"start":{"line":201,"column":15},"end":{"line":201,"column":83}},"105":{"start":{"line":202,"column":4},"end":{"line":204,"column":5}},"106":{"start":{"line":203,"column":6},"end":{"line":203,"column":97}},"107":{"start":{"line":206,"column":20},"end":{"line":206,"column":98}},"108":{"start":{"line":207,"column":21},"end":{"line":207,"column":53}},"109":{"start":{"line":209,"column":4},"end":{"line":215,"column":5}},"110":{"start":{"line":210,"column":6},"end":{"line":214,"column":7}},"111":{"start":{"line":211,"column":25},"end":{"line":211,"column":52}},"112":{"start":{"line":212,"column":8},"end":{"line":212,"column":40}},"113":{"start":{"line":213,"column":8},"end":{"line":213,"column":49}},"114":{"start":{"line":217,"column":4},"end":{"line":217,"column":22}},"115":{"start":{"line":218,"column":4},"end":{"line":218,"column":51}},"116":{"start":{"line":220,"column":4},"end":{"line":220,"column":51}},"117":{"start":{"line":223,"column":0},"end":{"line":223,"column":24}}},"fnMap":{"0":{"name":"(anonymous_0)","decl":{"start":{"line":6,"column":24},"end":{"line":6,"column":25}},"loc":{"start":{"line":6,"column":30},"end":{"line":12,"column":1}},"line":6},"1":{"name":"(anonymous_1)","decl":{"start":{"line":15,"column":22},"end":{"line":15,"column":23}},"loc":{"start":{"line":15,"column":29},"end":{"line":18,"column":1}},"line":15},"2":{"name":"(anonymous_2)","decl":{"start":{"line":21,"column":33},"end":{"line":21,"column":34}},"loc":{"start":{"line":21,"column":53},"end":{"line":40,"column":1}},"line":21},"3":{"name":"(anonymous_3)","decl":{"start":{"line":43,"column":32},"end":{"line":43,"column":33}},"loc":{"start":{"line":43,"column":52},"end":{"line":60,"column":1}},"line":43},"4":{"name":"(anonymous_4)","decl":{"start":{"line":64,"column":45},"end":{"line":64,"column":46}},"loc":{"start":{"line":64,"column":65},"end":{"line":132,"column":1}},"line":64},"5":{"name":"(anonymous_5)","decl":{"start":{"line":116,"column":63},"end":{"line":116,"column":64}},"loc":{"start":{"line":116,"column":69},"end":{"line":120,"column":5}},"line":116},"6":{"name":"(anonymous_6)","decl":{"start":{"line":135,"column":42},"end":{"line":135,"column":43}},"loc":{"start":{"line":135,"column":62},"end":{"line":165,"column":1}},"line":135},"7":{"name":"(anonymous_7)","decl":{"start":{"line":168,"column":45},"end":{"line":168,"column":46}},"loc":{"start":{"line":168,"column":65},"end":{"line":192,"column":1}},"line":168},"8":{"name":"(anonymous_8)","decl":{"start":{"line":195,"column":32},"end":{"line":195,"column":33}},"loc":{"start":{"line":195,"column":52},"end":{"line":222,"column":1}},"line":195}},"branchMap":{"0":{"loc":{"start":{"line":24,"column":4},"end":{"line":24,"column":95}},"type":"if","locations":[{"start":{"line":24,"column":4},"end":{"line":24,"column":95}},{"start":{},"end":{}}],"line":24},"1":{"loc":{"start":{"line":46,"column":4},"end":{"line":46,"column":95}},"type":"if","locations":[{"start":{"line":46,"column":4},"end":{"line":46,"column":95}},{"start":{},"end":{}}],"line":46},"2":{"loc":{"start":{"line":67,"column":4},"end":{"line":67,"column":95}},"type":"if","locations":[{"start":{"line":67,"column":4},"end":{"line":67,"column":95}},{"start":{},"end":{}}],"line":67},"3":{"loc":{"start":{"line":78,"column":4},"end":{"line":78,"column":92}},"type":"if","locations":[{"start":{"line":78,"column":4},"end":{"line":78,"column":92}},{"start":{},"end":{}}],"line":78},"4":{"loc":{"start":{"line":88,"column":8},"end":{"line":90,"column":9}},"type":"if","locations":[{"start":{"line":88,"column":8},"end":{"line":90,"column":9}},{"start":{},"end":{}}],"line":88},"5":{"loc":{"start":{"line":88,"column":12},"end":{"line":88,"column":32}},"type":"binary-expr","locations":[{"start":{"line":88,"column":12},"end":{"line":88,"column":18}},{"start":{"line":88,"column":22},"end":{"line":88,"column":32}}],"line":88},"6":{"loc":{"start":{"line":99,"column":8},"end":{"line":109,"column":9}},"type":"if","locations":[{"start":{"line":99,"column":8},"end":{"line":109,"column":9}},{"start":{"line":103,"column":15},"end":{"line":109,"column":9}}],"line":99},"7":{"loc":{"start":{"line":102,"column":31},"end":{"line":102,"column":53}},"type":"binary-expr","locations":[{"start":{"line":102,"column":31},"end":{"line":102,"column":48}},{"start":{"line":102,"column":52},"end":{"line":102,"column":53}}],"line":102},"8":{"loc":{"start":{"line":102,"column":58},"end":{"line":102,"column":82}},"type":"binary-expr","locations":[{"start":{"line":102,"column":58},"end":{"line":102,"column":77}},{"start":{"line":102,"column":81},"end":{"line":102,"column":82}}],"line":102},"9":{"loc":{"start":{"line":106,"column":22},"end":{"line":106,"column":46}},"type":"binary-expr","locations":[{"start":{"line":106,"column":22},"end":{"line":106,"column":41}},{"start":{"line":106,"column":45},"end":{"line":106,"column":46}}],"line":106},"10":{"loc":{"start":{"line":107,"column":18},"end":{"line":107,"column":39}},"type":"binary-expr","locations":[{"start":{"line":107,"column":18},"end":{"line":107,"column":33}},{"start":{"line":107,"column":37},"end":{"line":107,"column":39}}],"line":107},"11":{"loc":{"start":{"line":119,"column":13},"end":{"line":119,"column":28}},"type":"binary-expr","locations":[{"start":{"line":119,"column":13},"end":{"line":119,"column":20}},{"start":{"line":119,"column":24},"end":{"line":119,"column":28}}],"line":119},"12":{"loc":{"start":{"line":141,"column":4},"end":{"line":141,"column":96}},"type":"if","locations":[{"start":{"line":141,"column":4},"end":{"line":141,"column":96}},{"start":{},"end":{}}],"line":141},"13":{"loc":{"start":{"line":144,"column":4},"end":{"line":144,"column":81}},"type":"if","locations":[{"start":{"line":144,"column":4},"end":{"line":144,"column":81}},{"start":{},"end":{}}],"line":144},"14":{"loc":{"start":{"line":145,"column":4},"end":{"line":145,"column":101}},"type":"if","locations":[{"start":{"line":145,"column":4},"end":{"line":145,"column":101}},{"start":{},"end":{}}],"line":145},"15":{"loc":{"start":{"line":148,"column":4},"end":{"line":150,"column":5}},"type":"if","locations":[{"start":{"line":148,"column":4},"end":{"line":150,"column":5}},{"start":{},"end":{}}],"line":148},"16":{"loc":{"start":{"line":153,"column":4},"end":{"line":156,"column":5}},"type":"if","locations":[{"start":{"line":153,"column":4},"end":{"line":156,"column":5}},{"start":{},"end":{}}],"line":153},"17":{"loc":{"start":{"line":153,"column":8},"end":{"line":153,"column":72}},"type":"binary-expr","locations":[{"start":{"line":153,"column":8},"end":{"line":153,"column":37}},{"start":{"line":153,"column":41},"end":{"line":153,"column":72}}],"line":153},"18":{"loc":{"start":{"line":172,"column":4},"end":{"line":172,"column":95}},"type":"if","locations":[{"start":{"line":172,"column":4},"end":{"line":172,"column":95}},{"start":{},"end":{}}],"line":172},"19":{"loc":{"start":{"line":175,"column":4},"end":{"line":175,"column":79}},"type":"if","locations":[{"start":{"line":175,"column":4},"end":{"line":175,"column":79}},{"start":{},"end":{}}],"line":175},"20":{"loc":{"start":{"line":178,"column":4},"end":{"line":181,"column":5}},"type":"if","locations":[{"start":{"line":178,"column":4},"end":{"line":181,"column":5}},{"start":{},"end":{}}],"line":178},"21":{"loc":{"start":{"line":178,"column":8},"end":{"line":178,"column":72}},"type":"binary-expr","locations":[{"start":{"line":178,"column":8},"end":{"line":178,"column":37}},{"start":{"line":178,"column":41},"end":{"line":178,"column":72}}],"line":178},"22":{"loc":{"start":{"line":183,"column":4},"end":{"line":183,"column":81}},"type":"if","locations":[{"start":{"line":183,"column":4},"end":{"line":183,"column":81}},{"start":{},"end":{}}],"line":183},"23":{"loc":{"start":{"line":184,"column":4},"end":{"line":184,"column":101}},"type":"if","locations":[{"start":{"line":184,"column":4},"end":{"line":184,"column":101}},{"start":{},"end":{}}],"line":184},"24":{"loc":{"start":{"line":199,"column":4},"end":{"line":199,"column":96}},"type":"if","locations":[{"start":{"line":199,"column":4},"end":{"line":199,"column":96}},{"start":{},"end":{}}],"line":199},"25":{"loc":{"start":{"line":202,"column":4},"end":{"line":204,"column":5}},"type":"if","locations":[{"start":{"line":202,"column":4},"end":{"line":204,"column":5}},{"start":{},"end":{}}],"line":202},"26":{"loc":{"start":{"line":211,"column":25},"end":{"line":211,"column":52}},"type":"binary-expr","locations":[{"start":{"line":211,"column":25},"end":{"line":211,"column":44}},{"start":{"line":211,"column":48},"end":{"line":211,"column":52}}],"line":211}},"s":{"0":1,"1":1,"2":1,"3":1,"4":1,"5":2,"6":2,"7":1,"8":6,"9":6,"10":1,"11":1,"12":1,"13":1,"14":0,"15":1,"16":1,"17":0,"18":1,"19":1,"20":1,"21":1,"22":0,"23":1,"24":1,"25":0,"26":1,"27":1,"28":1,"29":1,"30":0,"31":1,"32":1,"33":0,"34":1,"35":1,"36":1,"37":1,"38":7,"39":21,"40":21,"41":0,"42":1,"43":1,"44":0,"45":0,"46":0,"47":0,"48":0,"49":0,"50":1,"51":1,"52":0,"53":1,"54":0,"55":1,"56":1,"57":1,"58":1,"59":1,"60":1,"61":0,"62":1,"63":1,"64":0,"65":1,"66":0,"67":1,"68":1,"69":0,"70":1,"71":0,"72":0,"73":1,"74":1,"75":1,"76":1,"77":0,"78":1,"79":1,"80":1,"81":1,"82":1,"83":0,"84":1,"85":1,"86":0,"87":1,"88":0,"89":0,"90":1,"91":0,"92":1,"93":0,"94":1,"95":1,"96":1,"97":0,"98":1,"99":1,"100":1,"101":1,"102":1,"103":0,"104":1,"105":1,"106":0,"107":1,"108":1,"109":1,"110":7,"111":21,"112":21,"113":21,"114":1,"115":1,"116":0,"117":1},"f":{"0":2,"1":6,"2":1,"3":1,"4":1,"5":0,"6":1,"7":1,"8":1},"b":{"0":[0,1],"1":[0,1],"2":[0,1],"3":[0,1],"4":[0,21],"5":[21,0],"6":[0,0],"7":[0,0],"8":[0,0],"9":[0,0],"10":[0,0],"11":[0,0],"12":[0,1],"13":[0,1],"14":[0,1],"15":[0,1],"16":[0,1],"17":[1,1],"18":[0,1],"19":[0,1],"20":[0,1],"21":[1,1],"22":[0,1],"23":[0,1],"24":[0,1],"25":[0,1],"26":[21,21]},"_coverageSchema":"1a1c01bbd47fc00a2c39e90264f33305004495a9","hash":"26eeeaf0585d2f8299c9bafd4aa926014aaf9b38"}
,"C:\\Users\\loq\\meal-planner\\backend\\src\\routes\\recipe.js": {"path":"C:\\Users\\loq\\meal-planner\\backend\\src\\routes\\recipe.js","statementMap":{"0":{"start":{"line":1,"column":16},"end":{"line":1,"column":34}},"1":{"start":{"line":2,"column":15},"end":{"line":2,"column":31}},"2":{"start":{"line":3,"column":23},"end":{"line":3,"column":52}},"3":{"start":{"line":4,"column":15},"end":{"line":4,"column":42}},"4":{"start":{"line":7,"column":27},"end":{"line":31,"column":1}},"5":{"start":{"line":8,"column":22},"end":{"line":8,"column":23}},"6":{"start":{"line":8,"column":40},"end":{"line":8,"column":41}},"7":{"start":{"line":8,"column":56},"end":{"line":8,"column":57}},"8":{"start":{"line":8,"column":70},"end":{"line":8,"column":71}},"9":{"start":{"line":10,"column":2},"end":{"line":15,"column":5}},"10":{"start":{"line":11,"column":4},"end":{"line":11,"column":39}},"11":{"start":{"line":12,"column":4},"end":{"line":12,"column":37}},"12":{"start":{"line":13,"column":4},"end":{"line":13,"column":33}},"13":{"start":{"line":14,"column":4},"end":{"line":14,"column":29}},"14":{"start":{"line":17,"column":2},"end":{"line":30,"column":4}},"15":{"start":{"line":36,"column":0},"end":{"line":69,"column":3}},"16":{"start":{"line":37,"column":2},"end":{"line":68,"column":3}},"17":{"start":{"line":38,"column":43},"end":{"line":38,"column":51}},"18":{"start":{"line":39,"column":29},"end":{"line":48,"column":9}},"19":{"start":{"line":40,"column":21},"end":{"line":40,"column":57}},"20":{"start":{"line":41,"column":19},"end":{"line":48,"column":7}},"21":{"start":{"line":50,"column":22},"end":{"line":50,"column":68}},"22":{"start":{"line":52,"column":19},"end":{"line":58,"column":6}},"23":{"start":{"line":60,"column":4},"end":{"line":60,"column":24}},"24":{"start":{"line":62,"column":4},"end":{"line":62,"column":64}},"25":{"start":{"line":65,"column":4},"end":{"line":65,"column":51}},"26":{"start":{"line":66,"column":19},"end":{"line":66,"column":61}},"27":{"start":{"line":67,"column":4},"end":{"line":67,"column":83}},"28":{"start":{"line":74,"column":0},"end":{"line":99,"column":3}},"29":{"start":{"line":75,"column":2},"end":{"line":98,"column":3}},"30":{"start":{"line":76,"column":45},"end":{"line":76,"column":54}},"31":{"start":{"line":78,"column":16},"end":{"line":78,"column":18}},"32":{"start":{"line":80,"column":4},"end":{"line":82,"column":5}},"33":{"start":{"line":81,"column":6},"end":{"line":81,"column":54}},"34":{"start":{"line":84,"column":4},"end":{"line":86,"column":5}},"35":{"start":{"line":85,"column":6},"end":{"line":85,"column":30}},"36":{"start":{"line":88,"column":4},"end":{"line":90,"column":5}},"37":{"start":{"line":89,"column":6},"end":{"line":89,"column":67}},"38":{"start":{"line":92,"column":20},"end":{"line":92,"column":44}},"39":{"start":{"line":94,"column":4},"end":{"line":94,"column":26}},"40":{"start":{"line":97,"column":4},"end":{"line":97,"column":51}},"41":{"start":{"line":104,"column":0},"end":{"line":111,"column":3}},"42":{"start":{"line":105,"column":2},"end":{"line":110,"column":3}},"43":{"start":{"line":106,"column":20},"end":{"line":106,"column":91}},"44":{"start":{"line":107,"column":4},"end":{"line":107,"column":26}},"45":{"start":{"line":109,"column":4},"end":{"line":109,"column":51}},"46":{"start":{"line":116,"column":0},"end":{"line":129,"column":3}},"47":{"start":{"line":117,"column":2},"end":{"line":128,"column":3}},"48":{"start":{"line":118,"column":19},"end":{"line":118,"column":55}},"49":{"start":{"line":120,"column":4},"end":{"line":122,"column":5}},"50":{"start":{"line":121,"column":6},"end":{"line":121,"column":67}},"51":{"start":{"line":124,"column":4},"end":{"line":124,"column":25}},"52":{"start":{"line":127,"column":4},"end":{"line":127,"column":51}},"53":{"start":{"line":134,"column":0},"end":{"line":164,"column":3}},"54":{"start":{"line":135,"column":2},"end":{"line":163,"column":3}},"55":{"start":{"line":136,"column":19},"end":{"line":136,"column":55}},"56":{"start":{"line":138,"column":4},"end":{"line":140,"column":5}},"57":{"start":{"line":139,"column":6},"end":{"line":139,"column":67}},"58":{"start":{"line":142,"column":4},"end":{"line":144,"column":5}},"59":{"start":{"line":143,"column":6},"end":{"line":143,"column":65}},"60":{"start":{"line":146,"column":38},"end":{"line":146,"column":46}},"61":{"start":{"line":148,"column":4},"end":{"line":151,"column":5}},"62":{"start":{"line":149,"column":24},"end":{"line":149,"column":84}},"63":{"start":{"line":150,"column":6},"end":{"line":150,"column":41}},"64":{"start":{"line":153,"column":20},"end":{"line":157,"column":5}},"65":{"start":{"line":159,"column":4},"end":{"line":159,"column":61}},"66":{"start":{"line":162,"column":4},"end":{"line":162,"column":51}},"67":{"start":{"line":169,"column":0},"end":{"line":201,"column":3}},"68":{"start":{"line":170,"column":2},"end":{"line":200,"column":3}},"69":{"start":{"line":171,"column":23},"end":{"line":171,"column":31}},"70":{"start":{"line":172,"column":4},"end":{"line":174,"column":5}},"71":{"start":{"line":173,"column":6},"end":{"line":173,"column":81}},"72":{"start":{"line":176,"column":19},"end":{"line":176,"column":55}},"73":{"start":{"line":177,"column":4},"end":{"line":179,"column":5}},"74":{"start":{"line":178,"column":6},"end":{"line":178,"column":67}},"75":{"start":{"line":181,"column":32},"end":{"line":183,"column":5}},"76":{"start":{"line":182,"column":11},"end":{"line":182,"column":44}},"77":{"start":{"line":185,"column":4},"end":{"line":189,"column":5}},"78":{"start":{"line":186,"column":6},"end":{"line":186,"column":58}},"79":{"start":{"line":188,"column":6},"end":{"line":188,"column":57}},"80":{"start":{"line":192,"column":18},"end":{"line":192,"column":70}},"81":{"start":{"line":192,"column":52},"end":{"line":192,"column":66}},"82":{"start":{"line":193,"column":4},"end":{"line":193,"column":78}},"83":{"start":{"line":195,"column":4},"end":{"line":195,"column":24}},"84":{"start":{"line":197,"column":4},"end":{"line":197,"column":63}},"85":{"start":{"line":199,"column":4},"end":{"line":199,"column":51}},"86":{"start":{"line":207,"column":0},"end":{"line":226,"column":3}},"87":{"start":{"line":208,"column":2},"end":{"line":225,"column":3}},"88":{"start":{"line":209,"column":19},"end":{"line":209,"column":55}},"89":{"start":{"line":211,"column":4},"end":{"line":213,"column":5}},"90":{"start":{"line":212,"column":6},"end":{"line":212,"column":67}},"91":{"start":{"line":215,"column":4},"end":{"line":217,"column":5}},"92":{"start":{"line":216,"column":6},"end":{"line":216,"column":65}},"93":{"start":{"line":219,"column":4},"end":{"line":219,"column":50}},"94":{"start":{"line":221,"column":4},"end":{"line":221,"column":44}},"95":{"start":{"line":224,"column":4},"end":{"line":224,"column":51}},"96":{"start":{"line":228,"column":0},"end":{"line":228,"column":24}}},"fnMap":{"0":{"name":"(anonymous_0)","decl":{"start":{"line":7,"column":27},"end":{"line":7,"column":28}},"loc":{"start":{"line":7,"column":54},"end":{"line":31,"column":1}},"line":7},"1":{"name":"(anonymous_1)","decl":{"start":{"line":10,"column":22},"end":{"line":10,"column":23}},"loc":{"start":{"line":10,"column":29},"end":{"line":15,"column":3}},"line":10},"2":{"name":"(anonymous_2)","decl":{"start":{"line":36,"column":33},"end":{"line":36,"column":34}},"loc":{"start":{"line":36,"column":53},"end":{"line":69,"column":1}},"line":36},"3":{"name":"(anonymous_3)","decl":{"start":{"line":40,"column":14},"end":{"line":40,"column":15}},"loc":{"start":{"line":40,"column":21},"end":{"line":40,"column":57}},"line":40},"4":{"name":"(anonymous_4)","decl":{"start":{"line":41,"column":11},"end":{"line":41,"column":12}},"loc":{"start":{"line":41,"column":19},"end":{"line":48,"column":7}},"line":41},"5":{"name":"(anonymous_5)","decl":{"start":{"line":74,"column":16},"end":{"line":74,"column":17}},"loc":{"start":{"line":74,"column":36},"end":{"line":99,"column":1}},"line":74},"6":{"name":"(anonymous_6)","decl":{"start":{"line":104,"column":42},"end":{"line":104,"column":43}},"loc":{"start":{"line":104,"column":62},"end":{"line":111,"column":1}},"line":104},"7":{"name":"(anonymous_7)","decl":{"start":{"line":116,"column":19},"end":{"line":116,"column":20}},"loc":{"start":{"line":116,"column":39},"end":{"line":129,"column":1}},"line":116},"8":{"name":"(anonymous_8)","decl":{"start":{"line":134,"column":35},"end":{"line":134,"column":36}},"loc":{"start":{"line":134,"column":55},"end":{"line":164,"column":1}},"line":134},"9":{"name":"(anonymous_9)","decl":{"start":{"line":169,"column":41},"end":{"line":169,"column":42}},"loc":{"start":{"line":169,"column":61},"end":{"line":201,"column":1}},"line":169},"10":{"name":"(anonymous_10)","decl":{"start":{"line":182,"column":6},"end":{"line":182,"column":7}},"loc":{"start":{"line":182,"column":11},"end":{"line":182,"column":44}},"line":182},"11":{"name":"(anonymous_11)","decl":{"start":{"line":192,"column":40},"end":{"line":192,"column":41}},"loc":{"start":{"line":192,"column":52},"end":{"line":192,"column":66}},"line":192},"12":{"name":"(anonymous_12)","decl":{"start":{"line":207,"column":38},"end":{"line":207,"column":39}},"loc":{"start":{"line":207,"column":58},"end":{"line":226,"column":1}},"line":207}},"branchMap":{"0":{"loc":{"start":{"line":11,"column":21},"end":{"line":11,"column":38}},"type":"binary-expr","locations":[{"start":{"line":11,"column":21},"end":{"line":11,"column":33}},{"start":{"line":11,"column":37},"end":{"line":11,"column":38}}],"line":11},"1":{"loc":{"start":{"line":12,"column":20},"end":{"line":12,"column":36}},"type":"binary-expr","locations":[{"start":{"line":12,"column":20},"end":{"line":12,"column":31}},{"start":{"line":12,"column":35},"end":{"line":12,"column":36}}],"line":12},"2":{"loc":{"start":{"line":13,"column":18},"end":{"line":13,"column":32}},"type":"binary-expr","locations":[{"start":{"line":13,"column":18},"end":{"line":13,"column":27}},{"start":{"line":13,"column":31},"end":{"line":13,"column":32}}],"line":13},"3":{"loc":{"start":{"line":14,"column":16},"end":{"line":14,"column":28}},"type":"binary-expr","locations":[{"start":{"line":14,"column":16},"end":{"line":14,"column":23}},{"start":{"line":14,"column":27},"end":{"line":14,"column":28}}],"line":14},"4":{"loc":{"start":{"line":25,"column":16},"end":{"line":25,"column":55}},"type":"cond-expr","locations":[{"start":{"line":25,"column":27},"end":{"line":25,"column":51}},{"start":{"line":25,"column":54},"end":{"line":25,"column":55}}],"line":25},"5":{"loc":{"start":{"line":26,"column":15},"end":{"line":26,"column":53}},"type":"cond-expr","locations":[{"start":{"line":26,"column":26},"end":{"line":26,"column":49}},{"start":{"line":26,"column":52},"end":{"line":26,"column":53}}],"line":26},"6":{"loc":{"start":{"line":27,"column":13},"end":{"line":27,"column":49}},"type":"cond-expr","locations":[{"start":{"line":27,"column":24},"end":{"line":27,"column":45}},{"start":{"line":27,"column":48},"end":{"line":27,"column":49}}],"line":27},"7":{"loc":{"start":{"line":28,"column":11},"end":{"line":28,"column":45}},"type":"cond-expr","locations":[{"start":{"line":28,"column":22},"end":{"line":28,"column":41}},{"start":{"line":28,"column":44},"end":{"line":28,"column":45}}],"line":28},"8":{"loc":{"start":{"line":38,"column":12},"end":{"line":38,"column":28}},"type":"default-arg","locations":[{"start":{"line":38,"column":26},"end":{"line":38,"column":28}}],"line":38},"9":{"loc":{"start":{"line":40,"column":21},"end":{"line":40,"column":57}},"type":"binary-expr","locations":[{"start":{"line":40,"column":21},"end":{"line":40,"column":24}},{"start":{"line":40,"column":28},"end":{"line":40,"column":57}}],"line":40},"10":{"loc":{"start":{"line":40,"column":35},"end":{"line":40,"column":49}},"type":"binary-expr","locations":[{"start":{"line":40,"column":35},"end":{"line":40,"column":43}},{"start":{"line":40,"column":47},"end":{"line":40,"column":49}}],"line":40},"11":{"loc":{"start":{"line":44,"column":18},"end":{"line":44,"column":43}},"type":"binary-expr","locations":[{"start":{"line":44,"column":18},"end":{"line":44,"column":38}},{"start":{"line":44,"column":42},"end":{"line":44,"column":43}}],"line":44},"12":{"loc":{"start":{"line":45,"column":17},"end":{"line":45,"column":41}},"type":"binary-expr","locations":[{"start":{"line":45,"column":17},"end":{"line":45,"column":36}},{"start":{"line":45,"column":40},"end":{"line":45,"column":41}}],"line":45},"13":{"loc":{"start":{"line":46,"column":15},"end":{"line":46,"column":37}},"type":"binary-expr","locations":[{"start":{"line":46,"column":15},"end":{"line":46,"column":32}},{"start":{"line":46,"column":36},"end":{"line":46,"column":37}}],"line":46},"14":{"loc":{"start":{"line":47,"column":13},"end":{"line":47,"column":33}},"type":"binary-expr","locations":[{"start":{"line":47,"column":13},"end":{"line":47,"column":28}},{"start":{"line":47,"column":32},"end":{"line":47,"column":33}}],"line":47},"15":{"loc":{"start":{"line":66,"column":19},"end":{"line":66,"column":61}},"type":"cond-expr","locations":[{"start":{"line":66,"column":52},"end":{"line":66,"column":55}},{"start":{"line":66,"column":58},"end":{"line":66,"column":61}}],"line":66},"16":{"loc":{"start":{"line":67,"column":39},"end":{"line":67,"column":79}},"type":"binary-expr","locations":[{"start":{"line":67,"column":39},"end":{"line":67,"column":50}},{"start":{"line":67,"column":54},"end":{"line":67,"column":79}}],"line":67},"17":{"loc":{"start":{"line":80,"column":4},"end":{"line":82,"column":5}},"type":"if","locations":[{"start":{"line":80,"column":4},"end":{"line":82,"column":5}},{"start":{},"end":{}}],"line":80},"18":{"loc":{"start":{"line":84,"column":4},"end":{"line":86,"column":5}},"type":"if","locations":[{"start":{"line":84,"column":4},"end":{"line":86,"column":5}},{"start":{},"end":{}}],"line":84},"19":{"loc":{"start":{"line":88,"column":4},"end":{"line":90,"column":5}},"type":"if","locations":[{"start":{"line":88,"column":4},"end":{"line":90,"column":5}},{"start":{},"end":{}}],"line":88},"20":{"loc":{"start":{"line":120,"column":4},"end":{"line":122,"column":5}},"type":"if","locations":[{"start":{"line":120,"column":4},"end":{"line":122,"column":5}},{"start":{},"end":{}}],"line":120},"21":{"loc":{"start":{"line":138,"column":4},"end":{"line":140,"column":5}},"type":"if","locations":[{"start":{"line":138,"column":4},"end":{"line":140,"column":5}},{"start":{},"end":{}}],"line":138},"22":{"loc":{"start":{"line":142,"column":4},"end":{"line":144,"column":5}},"type":"if","locations":[{"start":{"line":142,"column":4},"end":{"line":144,"column":5}},{"start":{},"end":{}}],"line":142},"23":{"loc":{"start":{"line":142,"column":8},"end":{"line":142,"column":80}},"type":"binary-expr","locations":[{"start":{"line":142,"column":8},"end":{"line":142,"column":38}},{"start":{"line":142,"column":42},"end":{"line":142,"column":80}}],"line":142},"24":{"loc":{"start":{"line":148,"column":4},"end":{"line":151,"column":5}},"type":"if","locations":[{"start":{"line":148,"column":4},"end":{"line":151,"column":5}},{"start":{},"end":{}}],"line":148},"25":{"loc":{"start":{"line":149,"column":56},"end":{"line":149,"column":83}},"type":"binary-expr","locations":[{"start":{"line":149,"column":56},"end":{"line":149,"column":64}},{"start":{"line":149,"column":68},"end":{"line":149,"column":83}}],"line":149},"26":{"loc":{"start":{"line":172,"column":4},"end":{"line":174,"column":5}},"type":"if","locations":[{"start":{"line":172,"column":4},"end":{"line":174,"column":5}},{"start":{},"end":{}}],"line":172},"27":{"loc":{"start":{"line":172,"column":8},"end":{"line":172,"column":43}},"type":"binary-expr","locations":[{"start":{"line":172,"column":8},"end":{"line":172,"column":15}},{"start":{"line":172,"column":19},"end":{"line":172,"column":29}},{"start":{"line":172,"column":33},"end":{"line":172,"column":43}}],"line":172},"28":{"loc":{"start":{"line":177,"column":4},"end":{"line":179,"column":5}},"type":"if","locations":[{"start":{"line":177,"column":4},"end":{"line":179,"column":5}},{"start":{},"end":{}}],"line":177},"29":{"loc":{"start":{"line":185,"column":4},"end":{"line":189,"column":5}},"type":"if","locations":[{"start":{"line":185,"column":4},"end":{"line":189,"column":5}},{"start":{"line":187,"column":11},"end":{"line":189,"column":5}}],"line":185},"30":{"loc":{"start":{"line":211,"column":4},"end":{"line":213,"column":5}},"type":"if","locations":[{"start":{"line":211,"column":4},"end":{"line":213,"column":5}},{"start":{},"end":{}}],"line":211},"31":{"loc":{"start":{"line":215,"column":4},"end":{"line":217,"column":5}},"type":"if","locations":[{"start":{"line":215,"column":4},"end":{"line":217,"column":5}},{"start":{},"end":{}}],"line":215},"32":{"loc":{"start":{"line":215,"column":8},"end":{"line":215,"column":80}},"type":"binary-expr","locations":[{"start":{"line":215,"column":8},"end":{"line":215,"column":38}},{"start":{"line":215,"column":42},"end":{"line":215,"column":80}}],"line":215}},"s":{"0":1,"1":1,"2":1,"3":1,"4":1,"5":1,"6":1,"7":1,"8":1,"9":1,"10":0,"11":0,"12":0,"13":0,"14":1,"15":1,"16":1,"17":1,"18":1,"19":0,"20":0,"21":1,"22":1,"23":1,"24":1,"25":0,"26":0,"27":0,"28":1,"29":1,"30":1,"31":1,"32":1,"33":0,"34":1,"35":0,"36":1,"37":0,"38":1,"39":1,"40":0,"41":1,"42":1,"43":1,"44":1,"45":0,"46":1,"47":1,"48":1,"49":1,"50":0,"51":1,"52":0,"53":1,"54":1,"55":1,"56":1,"57":0,"58":1,"59":0,"60":1,"61":1,"62":0,"63":0,"64":1,"65":1,"66":0,"67":1,"68":1,"69":1,"70":1,"71":0,"72":1,"73":1,"74":0,"75":1,"76":0,"77":1,"78":0,"79":1,"80":1,"81":1,"82":1,"83":1,"84":1,"85":0,"86":1,"87":1,"88":1,"89":1,"90":0,"91":1,"92":0,"93":1,"94":1,"95":0,"96":1},"f":{"0":1,"1":0,"2":1,"3":0,"4":0,"5":1,"6":1,"7":1,"8":1,"9":1,"10":0,"11":1,"12":1},"b":{"0":[0,0],"1":[0,0],"2":[0,0],"3":[0,0],"4":[0,1],"5":[0,1],"6":[0,1],"7":[0,1],"8":[1],"9":[0,0],"10":[0,0],"11":[0,0],"12":[0,0],"13":[0,0],"14":[0,0],"15":[0,0],"16":[0,0],"17":[0,1],"18":[0,1],"19":[0,1],"20":[0,1],"21":[0,1],"22":[0,1],"23":[1,1],"24":[0,1],"25":[0,0],"26":[0,1],"27":[1,1,1],"28":[0,1],"29":[0,1],"30":[0,1],"31":[0,1],"32":[1,1]},"_coverageSchema":"1a1c01bbd47fc00a2c39e90264f33305004495a9","hash":"25030188e1212d846a26cb37ba070ca5c5a97c1a"}
}
