TN:
SF:src\index.js
FN:11,(anonymous_0)
FN:19,(anonymous_1)
FN:23,(anonymous_2)
FNF:3
FNH:1
FNDA:1,(anonymous_0)
FNDA:0,(anonymous_1)
FNDA:0,(anonymous_2)
DA:1,1
DA:2,1
DA:3,1
DA:4,1
DA:5,1
DA:7,1
DA:8,1
DA:9,1
DA:10,1
DA:11,1
DA:12,1
DA:13,1
DA:15,0
DA:17,1
DA:19,1
DA:21,1
DA:22,1
DA:23,0
DA:26,1
LF:19
LH:17
BRDA:12,0,0,1
BRDA:12,0,1,0
BRDA:12,1,0,1
BRDA:12,1,1,0
BRDA:21,2,0,1
BRDA:21,2,1,0
BRDA:22,3,0,0
BRDA:22,3,1,1
BRF:8
BRH:4
end_of_record
TN:
SF:src\models\Meal.js
FNF:0
FNH:0
DA:1,1
DA:2,1
DA:21,1
LF:3
LH:3
BRF:0
BRH:0
end_of_record
TN:
SF:src\models\MealPlan.js
FNF:0
FNH:0
DA:1,1
DA:3,1
DA:52,1
DA:54,1
LF:4
LH:4
BRF:0
BRH:0
end_of_record
TN:
SF:src\models\Recipe.js
FNF:0
FNH:0
DA:1,1
DA:3,1
DA:62,1
LF:3
LH:3
BRF:0
BRH:0
end_of_record
TN:
SF:src\models\User.js
FNF:0
FNH:0
DA:1,1
DA:3,1
DA:35,1
LF:3
LH:3
BRF:0
BRH:0
end_of_record
TN:
SF:src\routes\User.js
FN:9,(anonymous_0)
FN:23,(anonymous_1)
FN:25,(anonymous_2)
FN:58,(anonymous_3)
FN:89,(anonymous_4)
FN:107,(anonymous_5)
FN:116,(anonymous_6)
FN:119,(anonymous_7)
FN:121,(anonymous_8)
FN:125,(anonymous_9)
FN:133,(anonymous_10)
FN:144,(anonymous_11)
FNF:12
FNH:7
FNDA:1,(anonymous_0)
FNDA:0,(anonymous_1)
FNDA:0,(anonymous_2)
FNDA:1,(anonymous_3)
FNDA:2,(anonymous_4)
FNDA:1,(anonymous_5)
FNDA:0,(anonymous_6)
FNDA:0,(anonymous_7)
FNDA:0,(anonymous_8)
FNDA:1,(anonymous_9)
FNDA:1,(anonymous_10)
FNDA:1,(anonymous_11)
DA:1,1
DA:2,1
DA:3,1
DA:4,1
DA:5,1
DA:6,1
DA:9,1
DA:10,1
DA:11,1
DA:12,1
DA:15,1
DA:18,1
DA:19,1
DA:20,1
DA:21,0
DA:22,0
DA:23,0
DA:24,0
DA:25,0
DA:26,0
DA:33,1
DA:35,1
DA:53,0
DA:58,1
DA:59,1
DA:60,1
DA:61,1
DA:62,1
DA:64,1
DA:65,1
DA:66,1
DA:67,1
DA:69,1
DA:72,1
DA:84,0
DA:89,1
DA:90,2
DA:91,2
DA:92,2
DA:94,1
DA:95,1
DA:97,1
DA:98,1
DA:100,1
DA:102,0
DA:107,1
DA:108,1
DA:109,1
DA:110,1
DA:112,1
DA:113,1
DA:114,1
DA:116,1
DA:118,1
DA:119,0
DA:120,0
DA:121,0
DA:123,1
DA:124,1
DA:125,1
DA:128,0
DA:133,1
DA:134,1
DA:135,1
DA:136,1
DA:137,1
DA:139,0
DA:144,1
DA:145,1
DA:146,1
DA:149,1
DA:153,1
DA:155,1
DA:157,0
DA:161,1
LF:75
LH:60
BRDA:12,0,0,0
BRDA:12,0,1,1
BRDA:20,1,0,0
BRDA:20,1,1,1
BRDA:20,2,0,1
BRDA:20,2,1,0
BRDA:24,3,0,0
BRDA:24,3,1,0
BRDA:26,4,0,0
BRDA:26,4,1,0
BRDA:43,5,0,1
BRDA:43,5,1,1
BRDA:44,6,0,1
BRDA:44,6,1,0
BRDA:62,7,0,0
BRDA:62,7,1,1
BRDA:64,8,0,1
BRDA:64,8,1,0
BRDA:65,9,0,0
BRDA:65,9,1,1
BRDA:66,10,0,0
BRDA:66,10,1,1
BRDA:67,11,0,0
BRDA:67,11,1,1
BRDA:92,12,0,1
BRDA:92,12,1,1
BRDA:95,13,0,0
BRDA:95,13,1,1
BRDA:110,14,0,0
BRDA:110,14,1,1
BRDA:114,15,0,0
BRDA:114,15,1,1
BRDA:118,16,0,0
BRDA:118,16,1,1
BRDA:136,17,0,0
BRDA:136,17,1,1
BRF:36
BRH:18
end_of_record
TN:
SF:src\routes\auth.js
FN:7,(anonymous_0)
FN:22,(anonymous_1)
FNF:2
FNH:2
FNDA:1,(anonymous_0)
FNDA:1,(anonymous_1)
DA:1,1
DA:2,1
DA:3,1
DA:4,1
DA:5,1
DA:7,1
DA:8,1
DA:9,1
DA:10,1
DA:11,1
DA:12,1
DA:13,1
DA:14,1
DA:15,1
DA:16,1
DA:18,0
DA:22,1
DA:23,1
DA:24,1
DA:25,1
DA:26,1
DA:27,1
DA:28,1
DA:29,1
DA:30,1
DA:32,0
DA:36,1
LF:27
LH:25
BRDA:11,0,0,0
BRDA:11,0,1,1
BRDA:26,1,0,0
BRDA:26,1,1,1
BRDA:28,2,0,0
BRDA:28,2,1,1
BRF:6
BRH:3
end_of_record
TN:
SF:src\routes\index.js
FNF:0
FNH:0
DA:2,1
DA:3,1
DA:5,1
DA:6,1
DA:7,1
DA:8,1
DA:9,1
DA:12,1
DA:13,1
DA:14,1
DA:15,1
DA:16,1
DA:18,1
LF:13
LH:13
BRF:0
BRH:0
end_of_record
TN:
SF:src\routes\meal.js
FN:7,(anonymous_0)
FN:25,(anonymous_1)
FN:36,(anonymous_2)
FN:46,(anonymous_3)
FNF:4
FNH:4
FNDA:1,(anonymous_0)
FNDA:1,(anonymous_1)
FNDA:1,(anonymous_2)
FNDA:1,(anonymous_3)
DA:1,1
DA:2,1
DA:3,1
DA:4,1
DA:7,1
DA:8,1
DA:9,1
DA:10,1
DA:17,1
DA:18,1
DA:20,0
DA:25,1
DA:26,1
DA:27,1
DA:28,1
DA:30,0
DA:36,1
DA:37,1
DA:38,1
DA:39,1
DA:41,0
DA:46,1
DA:47,1
DA:48,1
DA:49,1
DA:51,0
DA:56,1
LF:27
LH:23
BRF:0
BRH:0
end_of_record
TN:
SF:src\routes\mealPlan.js
FN:6,(anonymous_0)
FN:15,(anonymous_1)
FN:37,(anonymous_2)
FN:58,(anonymous_3)
FN:110,(anonymous_4)
FN:129,(anonymous_5)
FN:162,(anonymous_6)
FN:189,(anonymous_7)
FNF:8
FNH:7
FNDA:2,(anonymous_0)
FNDA:1,(anonymous_1)
FNDA:1,(anonymous_2)
FNDA:1,(anonymous_3)
FNDA:0,(anonymous_4)
FNDA:1,(anonymous_5)
FNDA:1,(anonymous_6)
FNDA:1,(anonymous_7)
DA:1,1
DA:2,1
DA:3,1
DA:4,1
DA:6,1
DA:7,2
DA:8,2
DA:15,1
DA:16,1
DA:17,1
DA:18,1
DA:20,1
DA:30,1
DA:32,0
DA:37,1
DA:38,1
DA:39,1
DA:40,1
DA:42,1
DA:50,1
DA:52,0
DA:58,1
DA:59,1
DA:60,1
DA:61,1
DA:63,1
DA:72,1
DA:74,1
DA:75,1
DA:78,1
DA:79,1
DA:80,7
DA:81,21
DA:82,21
DA:83,0
DA:89,1
DA:90,1
DA:91,0
DA:92,0
DA:93,0
DA:95,0
DA:96,0
DA:98,0
DA:107,1
DA:110,1
DA:116,1
DA:124,0
DA:129,1
DA:130,1
DA:131,1
DA:132,1
DA:134,1
DA:135,1
DA:137,1
DA:138,1
DA:139,1
DA:141,1
DA:142,1
DA:143,0
DA:147,1
DA:148,0
DA:149,0
DA:152,1
DA:153,1
DA:154,1
DA:155,1
DA:157,0
DA:162,1
DA:163,1
DA:164,1
DA:165,1
DA:166,1
DA:168,1
DA:169,1
DA:172,1
DA:173,0
DA:174,0
DA:177,1
DA:178,1
DA:180,1
DA:181,1
DA:182,1
DA:184,0
DA:189,1
DA:190,1
DA:191,1
DA:192,1
DA:193,1
DA:195,1
DA:196,1
DA:197,0
DA:200,1
DA:201,1
DA:203,1
DA:204,7
DA:205,21
DA:206,21
DA:207,21
DA:211,1
DA:212,1
DA:214,0
DA:217,1
LF:102
LH:83
BRDA:18,0,0,0
BRDA:18,0,1,1
BRDA:40,1,0,0
BRDA:40,1,1,1
BRDA:61,2,0,0
BRDA:61,2,1,1
BRDA:72,3,0,0
BRDA:72,3,1,1
BRDA:82,4,0,0
BRDA:82,4,1,21
BRDA:82,5,0,21
BRDA:82,5,1,0
BRDA:93,6,0,0
BRDA:93,6,1,0
BRDA:96,7,0,0
BRDA:96,7,1,0
BRDA:96,8,0,0
BRDA:96,8,1,0
BRDA:100,9,0,0
BRDA:100,9,1,0
BRDA:101,10,0,0
BRDA:101,10,1,0
BRDA:113,11,0,0
BRDA:113,11,1,0
BRDA:135,12,0,0
BRDA:135,12,1,1
BRDA:138,13,0,0
BRDA:138,13,1,1
BRDA:139,14,0,0
BRDA:139,14,1,1
BRDA:142,15,0,0
BRDA:142,15,1,1
BRDA:147,16,0,0
BRDA:147,16,1,1
BRDA:147,17,0,1
BRDA:147,17,1,1
BRDA:166,18,0,0
BRDA:166,18,1,1
BRDA:169,19,0,0
BRDA:169,19,1,1
BRDA:172,20,0,0
BRDA:172,20,1,1
BRDA:172,21,0,1
BRDA:172,21,1,1
BRDA:177,22,0,0
BRDA:177,22,1,1
BRDA:178,23,0,0
BRDA:178,23,1,1
BRDA:193,24,0,0
BRDA:193,24,1,1
BRDA:196,25,0,0
BRDA:196,25,1,1
BRDA:205,26,0,21
BRDA:205,26,1,21
BRF:54
BRH:24
end_of_record
TN:
SF:src\routes\recipe.js
FN:7,(anonymous_0)
FN:10,(anonymous_1)
FN:36,(anonymous_2)
FN:40,(anonymous_3)
FN:41,(anonymous_4)
FN:74,(anonymous_5)
FN:104,(anonymous_6)
FN:116,(anonymous_7)
FN:134,(anonymous_8)
FN:169,(anonymous_9)
FN:182,(anonymous_10)
FN:192,(anonymous_11)
FN:207,(anonymous_12)
FNF:13
FNH:9
FNDA:1,(anonymous_0)
FNDA:0,(anonymous_1)
FNDA:1,(anonymous_2)
FNDA:0,(anonymous_3)
FNDA:0,(anonymous_4)
FNDA:1,(anonymous_5)
FNDA:1,(anonymous_6)
FNDA:1,(anonymous_7)
FNDA:1,(anonymous_8)
FNDA:1,(anonymous_9)
FNDA:0,(anonymous_10)
FNDA:1,(anonymous_11)
FNDA:1,(anonymous_12)
DA:1,1
DA:2,1
DA:3,1
DA:4,1
DA:7,1
DA:8,1
DA:10,1
DA:11,0
DA:12,0
DA:13,0
DA:14,0
DA:17,1
DA:36,1
DA:37,1
DA:38,1
DA:39,1
DA:40,0
DA:41,0
DA:50,1
DA:52,1
DA:60,1
DA:62,1
DA:65,0
DA:66,0
DA:67,0
DA:74,1
DA:75,1
DA:76,1
DA:78,1
DA:80,1
DA:81,0
DA:84,1
DA:85,0
DA:88,1
DA:89,0
DA:92,1
DA:94,1
DA:97,0
DA:104,1
DA:105,1
DA:106,1
DA:107,1
DA:109,0
DA:116,1
DA:117,1
DA:118,1
DA:120,1
DA:121,0
DA:124,1
DA:127,0
DA:134,1
DA:135,1
DA:136,1
DA:138,1
DA:139,0
DA:142,1
DA:143,0
DA:146,1
DA:148,1
DA:149,0
DA:150,0
DA:153,1
DA:159,1
DA:162,0
DA:169,1
DA:170,1
DA:171,1
DA:172,1
DA:173,0
DA:176,1
DA:177,1
DA:178,0
DA:181,1
DA:182,0
DA:185,1
DA:186,0
DA:188,1
DA:192,1
DA:193,1
DA:195,1
DA:197,1
DA:199,0
DA:207,1
DA:208,1
DA:209,1
DA:211,1
DA:212,0
DA:215,1
DA:216,0
DA:219,1
DA:221,1
DA:224,0
DA:228,1
LF:93
LH:64
BRDA:11,0,0,0
BRDA:11,0,1,0
BRDA:12,1,0,0
BRDA:12,1,1,0
BRDA:13,2,0,0
BRDA:13,2,1,0
BRDA:14,3,0,0
BRDA:14,3,1,0
BRDA:25,4,0,0
BRDA:25,4,1,1
BRDA:26,5,0,0
BRDA:26,5,1,1
BRDA:27,6,0,0
BRDA:27,6,1,1
BRDA:28,7,0,0
BRDA:28,7,1,1
BRDA:38,8,0,1
BRDA:40,9,0,0
BRDA:40,9,1,0
BRDA:40,10,0,0
BRDA:40,10,1,0
BRDA:44,11,0,0
BRDA:44,11,1,0
BRDA:45,12,0,0
BRDA:45,12,1,0
BRDA:46,13,0,0
BRDA:46,13,1,0
BRDA:47,14,0,0
BRDA:47,14,1,0
BRDA:66,15,0,0
BRDA:66,15,1,0
BRDA:67,16,0,0
BRDA:67,16,1,0
BRDA:80,17,0,0
BRDA:80,17,1,1
BRDA:84,18,0,0
BRDA:84,18,1,1
BRDA:88,19,0,0
BRDA:88,19,1,1
BRDA:120,20,0,0
BRDA:120,20,1,1
BRDA:138,21,0,0
BRDA:138,21,1,1
BRDA:142,22,0,0
BRDA:142,22,1,1
BRDA:142,23,0,1
BRDA:142,23,1,1
BRDA:148,24,0,0
BRDA:148,24,1,1
BRDA:149,25,0,0
BRDA:149,25,1,0
BRDA:172,26,0,0
BRDA:172,26,1,1
BRDA:172,27,0,1
BRDA:172,27,1,1
BRDA:172,27,2,1
BRDA:177,28,0,0
BRDA:177,28,1,1
BRDA:185,29,0,0
BRDA:185,29,1,1
BRDA:211,30,0,0
BRDA:211,30,1,1
BRDA:215,31,0,0
BRDA:215,31,1,1
BRDA:215,32,0,1
BRDA:215,32,1,1
BRF:66
BRH:24
end_of_record
