TN:
SF:src\index.js
FN:11,(anonymous_0)
FN:19,(anonymous_1)
FN:23,(anonymous_2)
FNF:3
FNH:1
FNDA:1,(anonymous_0)
FNDA:0,(anonymous_1)
FNDA:0,(anonymous_2)
DA:1,1
DA:2,1
DA:3,1
DA:4,1
DA:5,1
DA:7,1
DA:8,1
DA:9,1
DA:10,1
DA:11,1
DA:12,1
DA:13,1
DA:15,0
DA:17,1
DA:19,1
DA:21,1
DA:22,1
DA:23,0
DA:26,1
LF:19
LH:17
BRDA:12,0,0,1
BRDA:12,0,1,0
BRDA:12,1,0,1
BRDA:12,1,1,0
BRDA:21,2,0,1
BRDA:21,2,1,0
BRDA:22,3,0,0
BRDA:22,3,1,1
BRF:8
BRH:4
end_of_record
TN:
SF:src\models\Meal.js
FNF:0
FNH:0
DA:1,1
DA:2,1
DA:21,1
LF:3
LH:3
BRF:0
BRH:0
end_of_record
TN:
SF:src\models\MealPlan.js
FNF:0
FNH:0
DA:1,1
DA:3,1
DA:52,1
DA:54,1
LF:4
LH:4
BRF:0
BRH:0
end_of_record
TN:
SF:src\models\Recipe.js
FNF:0
FNH:0
DA:1,1
DA:3,1
DA:62,1
LF:3
LH:3
BRF:0
BRH:0
end_of_record
TN:
SF:src\models\User.js
FNF:0
FNH:0
DA:1,1
DA:3,1
DA:35,1
LF:3
LH:3
BRF:0
BRH:0
end_of_record
TN:
SF:src\routes\User.js
FN:9,(anonymous_0)
FN:23,(anonymous_1)
FN:26,(anonymous_2)
FN:28,(anonymous_3)
FN:69,(anonymous_4)
FN:100,(anonymous_5)
FN:118,(anonymous_6)
FN:127,(anonymous_7)
FN:130,(anonymous_8)
FN:132,(anonymous_9)
FN:136,(anonymous_10)
FN:144,(anonymous_11)
FN:155,(anonymous_12)
FNF:13
FNH:7
FNDA:1,(anonymous_0)
FNDA:0,(anonymous_1)
FNDA:0,(anonymous_2)
FNDA:0,(anonymous_3)
FNDA:1,(anonymous_4)
FNDA:2,(anonymous_5)
FNDA:1,(anonymous_6)
FNDA:0,(anonymous_7)
FNDA:0,(anonymous_8)
FNDA:0,(anonymous_9)
FNDA:1,(anonymous_10)
FNDA:1,(anonymous_11)
FNDA:1,(anonymous_12)
DA:1,1
DA:2,1
DA:3,1
DA:4,1
DA:5,1
DA:6,1
DA:9,1
DA:10,1
DA:11,1
DA:12,1
DA:15,1
DA:18,1
DA:19,1
DA:20,1
DA:21,1
DA:22,1
DA:23,1
DA:24,0
DA:25,0
DA:26,0
DA:27,0
DA:28,0
DA:29,0
DA:30,0
DA:31,0
DA:37,0
DA:38,0
DA:43,1
DA:45,1
DA:64,0
DA:69,1
DA:70,1
DA:71,1
DA:72,1
DA:73,1
DA:75,1
DA:76,1
DA:77,1
DA:78,1
DA:80,1
DA:83,1
DA:95,0
DA:100,1
DA:101,2
DA:102,2
DA:103,2
DA:105,1
DA:106,1
DA:108,1
DA:109,1
DA:111,1
DA:113,0
DA:118,1
DA:119,1
DA:120,1
DA:121,1
DA:123,1
DA:124,1
DA:125,1
DA:127,1
DA:129,1
DA:130,0
DA:131,0
DA:132,0
DA:134,1
DA:135,1
DA:136,1
DA:139,0
DA:144,1
DA:145,1
DA:146,1
DA:147,1
DA:148,1
DA:150,0
DA:155,1
DA:156,1
DA:157,1
DA:160,1
DA:164,1
DA:166,1
DA:168,0
DA:172,1
LF:82
LH:63
BRDA:12,0,0,0
BRDA:12,0,1,1
BRDA:25,1,0,0
BRDA:25,1,1,0
BRDA:27,2,0,0
BRDA:27,2,1,0
BRDA:29,3,0,0
BRDA:29,3,1,0
BRDA:37,4,0,0
BRDA:37,4,1,0
BRDA:53,5,0,1
BRDA:53,5,1,1
BRDA:54,6,0,1
BRDA:54,6,1,0
BRDA:73,7,0,0
BRDA:73,7,1,1
BRDA:75,8,0,1
BRDA:75,8,1,0
BRDA:76,9,0,0
BRDA:76,9,1,1
BRDA:77,10,0,0
BRDA:77,10,1,1
BRDA:78,11,0,0
BRDA:78,11,1,1
BRDA:103,12,0,1
BRDA:103,12,1,1
BRDA:106,13,0,0
BRDA:106,13,1,1
BRDA:121,14,0,0
BRDA:121,14,1,1
BRDA:125,15,0,0
BRDA:125,15,1,1
BRDA:129,16,0,0
BRDA:129,16,1,1
BRDA:147,17,0,0
BRDA:147,17,1,1
BRF:36
BRH:16
end_of_record
TN:
SF:src\routes\auth.js
FN:7,(anonymous_0)
FN:22,(anonymous_1)
FNF:2
FNH:2
FNDA:1,(anonymous_0)
FNDA:1,(anonymous_1)
DA:1,1
DA:2,1
DA:3,1
DA:4,1
DA:5,1
DA:7,1
DA:8,1
DA:9,1
DA:10,1
DA:11,1
DA:12,1
DA:13,1
DA:14,1
DA:15,1
DA:16,1
DA:18,0
DA:22,1
DA:23,1
DA:24,1
DA:25,1
DA:26,1
DA:27,1
DA:28,1
DA:29,1
DA:30,1
DA:32,0
DA:36,1
LF:27
LH:25
BRDA:11,0,0,0
BRDA:11,0,1,1
BRDA:26,1,0,0
BRDA:26,1,1,1
BRDA:28,2,0,0
BRDA:28,2,1,1
BRF:6
BRH:3
end_of_record
TN:
SF:src\routes\index.js
FNF:0
FNH:0
DA:2,1
DA:3,1
DA:5,1
DA:6,1
DA:7,1
DA:8,1
DA:9,1
DA:12,1
DA:13,1
DA:14,1
DA:15,1
DA:16,1
DA:18,1
LF:13
LH:13
BRF:0
BRH:0
end_of_record
TN:
SF:src\routes\meal.js
FN:7,(anonymous_0)
FN:25,(anonymous_1)
FN:36,(anonymous_2)
FN:46,(anonymous_3)
FNF:4
FNH:4
FNDA:1,(anonymous_0)
FNDA:1,(anonymous_1)
FNDA:1,(anonymous_2)
FNDA:1,(anonymous_3)
DA:1,1
DA:2,1
DA:3,1
DA:4,1
DA:7,1
DA:8,1
DA:9,1
DA:10,1
DA:17,1
DA:18,1
DA:20,0
DA:25,1
DA:26,1
DA:27,1
DA:28,1
DA:30,0
DA:36,1
DA:37,1
DA:38,1
DA:39,1
DA:41,0
DA:46,1
DA:47,1
DA:48,1
DA:49,1
DA:51,0
DA:56,1
LF:27
LH:23
BRF:0
BRH:0
end_of_record
TN:
SF:src\routes\mealPlan.js
FN:6,(anonymous_0)
FN:15,(anonymous_1)
FN:21,(anonymous_2)
FN:43,(anonymous_3)
FN:64,(anonymous_4)
FN:116,(anonymous_5)
FN:135,(anonymous_6)
FN:168,(anonymous_7)
FN:195,(anonymous_8)
FNF:9
FNH:8
FNDA:2,(anonymous_0)
FNDA:6,(anonymous_1)
FNDA:1,(anonymous_2)
FNDA:1,(anonymous_3)
FNDA:1,(anonymous_4)
FNDA:0,(anonymous_5)
FNDA:1,(anonymous_6)
FNDA:1,(anonymous_7)
FNDA:1,(anonymous_8)
DA:1,1
DA:2,1
DA:3,1
DA:4,1
DA:6,1
DA:7,2
DA:8,2
DA:15,1
DA:16,6
DA:17,6
DA:21,1
DA:22,1
DA:23,1
DA:24,1
DA:26,1
DA:36,1
DA:38,0
DA:43,1
DA:44,1
DA:45,1
DA:46,1
DA:48,1
DA:56,1
DA:58,0
DA:64,1
DA:65,1
DA:66,1
DA:67,1
DA:69,1
DA:78,1
DA:80,1
DA:81,1
DA:84,1
DA:85,1
DA:86,7
DA:87,21
DA:88,21
DA:89,0
DA:95,1
DA:96,1
DA:97,0
DA:98,0
DA:99,0
DA:101,0
DA:102,0
DA:104,0
DA:113,1
DA:116,1
DA:122,1
DA:130,0
DA:135,1
DA:136,1
DA:137,1
DA:138,1
DA:140,1
DA:141,1
DA:143,1
DA:144,1
DA:145,1
DA:147,1
DA:148,1
DA:149,0
DA:153,1
DA:154,0
DA:155,0
DA:158,1
DA:159,1
DA:160,1
DA:161,1
DA:163,0
DA:168,1
DA:169,1
DA:170,1
DA:171,1
DA:172,1
DA:174,1
DA:175,1
DA:178,1
DA:179,0
DA:180,0
DA:183,1
DA:184,1
DA:186,1
DA:187,1
DA:188,1
DA:190,0
DA:195,1
DA:196,1
DA:197,1
DA:198,1
DA:199,1
DA:201,1
DA:202,1
DA:203,0
DA:206,1
DA:207,1
DA:209,1
DA:210,7
DA:211,21
DA:212,21
DA:213,21
DA:217,1
DA:218,1
DA:220,0
DA:223,1
LF:105
LH:86
BRDA:24,0,0,0
BRDA:24,0,1,1
BRDA:46,1,0,0
BRDA:46,1,1,1
BRDA:67,2,0,0
BRDA:67,2,1,1
BRDA:78,3,0,0
BRDA:78,3,1,1
BRDA:88,4,0,0
BRDA:88,4,1,21
BRDA:88,5,0,21
BRDA:88,5,1,0
BRDA:99,6,0,0
BRDA:99,6,1,0
BRDA:102,7,0,0
BRDA:102,7,1,0
BRDA:102,8,0,0
BRDA:102,8,1,0
BRDA:106,9,0,0
BRDA:106,9,1,0
BRDA:107,10,0,0
BRDA:107,10,1,0
BRDA:119,11,0,0
BRDA:119,11,1,0
BRDA:141,12,0,0
BRDA:141,12,1,1
BRDA:144,13,0,0
BRDA:144,13,1,1
BRDA:145,14,0,0
BRDA:145,14,1,1
BRDA:148,15,0,0
BRDA:148,15,1,1
BRDA:153,16,0,0
BRDA:153,16,1,1
BRDA:153,17,0,1
BRDA:153,17,1,1
BRDA:172,18,0,0
BRDA:172,18,1,1
BRDA:175,19,0,0
BRDA:175,19,1,1
BRDA:178,20,0,0
BRDA:178,20,1,1
BRDA:178,21,0,1
BRDA:178,21,1,1
BRDA:183,22,0,0
BRDA:183,22,1,1
BRDA:184,23,0,0
BRDA:184,23,1,1
BRDA:199,24,0,0
BRDA:199,24,1,1
BRDA:202,25,0,0
BRDA:202,25,1,1
BRDA:211,26,0,21
BRDA:211,26,1,21
BRF:54
BRH:24
end_of_record
TN:
SF:src\routes\recipe.js
FN:7,(anonymous_0)
FN:10,(anonymous_1)
FN:36,(anonymous_2)
FN:40,(anonymous_3)
FN:41,(anonymous_4)
FN:74,(anonymous_5)
FN:104,(anonymous_6)
FN:116,(anonymous_7)
FN:134,(anonymous_8)
FN:169,(anonymous_9)
FN:182,(anonymous_10)
FN:192,(anonymous_11)
FN:207,(anonymous_12)
FNF:13
FNH:9
FNDA:1,(anonymous_0)
FNDA:0,(anonymous_1)
FNDA:1,(anonymous_2)
FNDA:0,(anonymous_3)
FNDA:0,(anonymous_4)
FNDA:1,(anonymous_5)
FNDA:1,(anonymous_6)
FNDA:1,(anonymous_7)
FNDA:1,(anonymous_8)
FNDA:1,(anonymous_9)
FNDA:0,(anonymous_10)
FNDA:1,(anonymous_11)
FNDA:1,(anonymous_12)
DA:1,1
DA:2,1
DA:3,1
DA:4,1
DA:7,1
DA:8,1
DA:10,1
DA:11,0
DA:12,0
DA:13,0
DA:14,0
DA:17,1
DA:36,1
DA:37,1
DA:38,1
DA:39,1
DA:40,0
DA:41,0
DA:50,1
DA:52,1
DA:60,1
DA:62,1
DA:65,0
DA:66,0
DA:67,0
DA:74,1
DA:75,1
DA:76,1
DA:78,1
DA:80,1
DA:81,0
DA:84,1
DA:85,0
DA:88,1
DA:89,0
DA:92,1
DA:94,1
DA:97,0
DA:104,1
DA:105,1
DA:106,1
DA:107,1
DA:109,0
DA:116,1
DA:117,1
DA:118,1
DA:120,1
DA:121,0
DA:124,1
DA:127,0
DA:134,1
DA:135,1
DA:136,1
DA:138,1
DA:139,0
DA:142,1
DA:143,0
DA:146,1
DA:148,1
DA:149,0
DA:150,0
DA:153,1
DA:159,1
DA:162,0
DA:169,1
DA:170,1
DA:171,1
DA:172,1
DA:173,0
DA:176,1
DA:177,1
DA:178,0
DA:181,1
DA:182,0
DA:185,1
DA:186,0
DA:188,1
DA:192,1
DA:193,1
DA:195,1
DA:197,1
DA:199,0
DA:207,1
DA:208,1
DA:209,1
DA:211,1
DA:212,0
DA:215,1
DA:216,0
DA:219,1
DA:221,1
DA:224,0
DA:228,1
LF:93
LH:64
BRDA:11,0,0,0
BRDA:11,0,1,0
BRDA:12,1,0,0
BRDA:12,1,1,0
BRDA:13,2,0,0
BRDA:13,2,1,0
BRDA:14,3,0,0
BRDA:14,3,1,0
BRDA:25,4,0,0
BRDA:25,4,1,1
BRDA:26,5,0,0
BRDA:26,5,1,1
BRDA:27,6,0,0
BRDA:27,6,1,1
BRDA:28,7,0,0
BRDA:28,7,1,1
BRDA:38,8,0,1
BRDA:40,9,0,0
BRDA:40,9,1,0
BRDA:40,10,0,0
BRDA:40,10,1,0
BRDA:44,11,0,0
BRDA:44,11,1,0
BRDA:45,12,0,0
BRDA:45,12,1,0
BRDA:46,13,0,0
BRDA:46,13,1,0
BRDA:47,14,0,0
BRDA:47,14,1,0
BRDA:66,15,0,0
BRDA:66,15,1,0
BRDA:67,16,0,0
BRDA:67,16,1,0
BRDA:80,17,0,0
BRDA:80,17,1,1
BRDA:84,18,0,0
BRDA:84,18,1,1
BRDA:88,19,0,0
BRDA:88,19,1,1
BRDA:120,20,0,0
BRDA:120,20,1,1
BRDA:138,21,0,0
BRDA:138,21,1,1
BRDA:142,22,0,0
BRDA:142,22,1,1
BRDA:142,23,0,1
BRDA:142,23,1,1
BRDA:148,24,0,0
BRDA:148,24,1,1
BRDA:149,25,0,0
BRDA:149,25,1,0
BRDA:172,26,0,0
BRDA:172,26,1,1
BRDA:172,27,0,1
BRDA:172,27,1,1
BRDA:172,27,2,1
BRDA:177,28,0,0
BRDA:177,28,1,1
BRDA:185,29,0,0
BRDA:185,29,1,1
BRDA:211,30,0,0
BRDA:211,30,1,1
BRDA:215,31,0,0
BRDA:215,31,1,1
BRDA:215,32,0,1
BRDA:215,32,1,1
BRF:66
BRH:24
end_of_record
